#
# There is insufficient memory for the Java Runtime Environment to continue.
# Native memory allocation (mmap) failed to map 65536 bytes for Failed to commit metaspace.
# Possible reasons:
#   The system is out of physical RAM or swap space
#   The process is running with CompressedOops enabled, and the Java Heap may be blocking the growth of the native heap
# Possible solutions:
#   Reduce memory load on the system
#   Increase physical memory or swap space
#   Check if swap backing store is full
#   Decrease Java heap size (-Xmx/-Xms)
#   Decrease number of Java threads
#   Decrease Java thread stack sizes (-Xss)
#   Set larger code cache with -XX:ReservedCodeCacheSize=
#   JVM is running with Unscaled Compressed Oops mode in which the Java heap is
#     placed in the first 4GB address space. The Java Heap base address is the
#     maximum limit for the native heap growth. Please use -XX:HeapBaseMinAddress
#     to set the Java Heap base and to place the Java Heap above 4GB virtual address.
# This output file may be truncated or incomplete.
#
#  Out of Memory Error (virtualSpaceNode.cpp:110), pid=1504, tid=30348
#
# JRE version: OpenJDK Runtime Environment Corretto-17.0.8.7.1 (17.0.8+7) (build 17.0.8+7-LTS)
# Java VM: OpenJDK 64-Bit Server VM Corretto-17.0.8.7.1 (17.0.8+7-LTS, mixed mode, sharing, tiered, compressed oops, compressed class ptrs, g1 gc, windows-amd64)
# No core dump will be written. Minidumps are not enabled by default on client versions of Windows
#

---------------  S U M M A R Y ------------

Command Line: -javaagent:C:\Program Files\JetBrains\IntelliJ IDEA Community Edition 2023.2\lib\idea_rt.jar=57285:C:\Program Files\JetBrains\IntelliJ IDEA Community Edition 2023.2\bin -Dfile.encoding=UTF-8 com.Capstone.Insurance.InsuranceApplication

Host: AMD Ryzen 5 3450U with Radeon Vega Mobile Gfx  , 8 cores, 5G,  Windows 11 , 64 bit Build 22621 (10.0.22621.2215)
Time: Sun Oct  8 14:10:36 2023 India Standard Time elapsed time: 1280.536183 seconds (0d 0h 21m 20s)

---------------  T H R E A D  ---------------

Current thread (0x0000021d52fe3e10):  JavaThread "C1 CompilerThread0" daemon [_thread_in_vm, id=30348, stack(0x000000cc60c00000,0x000000cc60d00000)]


Current CompileTask:
C1:1280536 7601       3       java.util.concurrent.SynchronousQueue$TransferStack::casHead (26 bytes)

Stack: [0x000000cc60c00000,0x000000cc60d00000]
Native frames: (J=compiled Java code, j=interpreted, Vv=VM code, C=native code)
V  [jvm.dll+0x64c9da]
V  [jvm.dll+0x800834]
V  [jvm.dll+0x801fee]
V  [jvm.dll+0x802643]
V  [jvm.dll+0x23715b]
V  [jvm.dll+0x7fc8fb]
V  [jvm.dll+0x5f3916]
V  [jvm.dll+0x1b61be]
V  [jvm.dll+0x5f6164]
V  [jvm.dll+0x5f42cd]
V  [jvm.dll+0x604a3a]
V  [jvm.dll+0x5fda7a]
V  [jvm.dll+0x1c1a6f]
V  [jvm.dll+0x1c1bfe]
V  [jvm.dll+0x12e2fe]
V  [jvm.dll+0x12e625]
V  [jvm.dll+0x12da15]
V  [jvm.dll+0x12f736]
V  [jvm.dll+0x219b5d]
V  [jvm.dll+0x217cbb]
V  [jvm.dll+0x7b94bb]
V  [jvm.dll+0x7b392a]
V  [jvm.dll+0x64b845]
C  [ucrtbase.dll+0x29363]
C  [KERNEL32.DLL+0x1257d]
C  [ntdll.dll+0x5aa68]


---------------  P R O C E S S  ---------------

Threads class SMR info:
_java_thread_list=0x0000021d9aa2c870, length=48, elements={
0x0000021d52fb90b0, 0x0000021d52fb9f30, 0x0000021d52fc94f0, 0x0000021d52fca370,
0x0000021d52fcdd50, 0x0000021d52fce710, 0x0000021d52fe3360, 0x0000021d52fe3e10,
0x0000021d52fe4810, 0x0000021d531e5370, 0x0000021d53401590, 0x0000021d53401a70,
0x0000021d99d8dea0, 0x0000021d99d8d990, 0x0000021d99d8bb30, 0x0000021d99d8e8c0,
0x0000021d99d8b110, 0x0000021d99d8e3b0, 0x0000021d99d8c550, 0x0000021d99d8b620,
0x0000021d99d8ca60, 0x0000021d99d8cf70, 0x0000021d99d8d480, 0x0000021d9ae73c50,
0x0000021d9ae72300, 0x0000021d9ae74160, 0x0000021d9ae74670, 0x0000021d9ae72810,
0x0000021d9ae764d0, 0x0000021d9ae72d20, 0x0000021d9ae74b80, 0x0000021d9ae6f060,
0x0000021d9ae75090, 0x0000021d9ae755a0, 0x0000021d9ae75fc0, 0x0000021d9ae6f570,
0x0000021d9ae769e0, 0x0000021d9ae6fa80, 0x0000021d9ae6ff90, 0x0000021d9ae704a0,
0x0000021d9ae718e0, 0x0000021d9ae709b0, 0x0000021d9ae70ec0, 0x0000021d9ae71df0,
0x0000021d9c764390, 0x0000021d9c762530, 0x0000021d9c762a40, 0x0000021d9c766700
}

Java Threads: ( => current thread )
  0x0000021d52fb90b0 JavaThread "Reference Handler" daemon [_thread_blocked, id=34712, stack(0x000000cc60500000,0x000000cc60600000)]
  0x0000021d52fb9f30 JavaThread "Finalizer" daemon [_thread_blocked, id=12736, stack(0x000000cc60600000,0x000000cc60700000)]
  0x0000021d52fc94f0 JavaThread "Signal Dispatcher" daemon [_thread_blocked, id=27124, stack(0x000000cc60700000,0x000000cc60800000)]
  0x0000021d52fca370 JavaThread "Attach Listener" daemon [_thread_blocked, id=3560, stack(0x000000cc60800000,0x000000cc60900000)]
  0x0000021d52fcdd50 JavaThread "Service Thread" daemon [_thread_blocked, id=9148, stack(0x000000cc60900000,0x000000cc60a00000)]
  0x0000021d52fce710 JavaThread "Monitor Deflation Thread" daemon [_thread_blocked, id=32568, stack(0x000000cc60a00000,0x000000cc60b00000)]
  0x0000021d52fe3360 JavaThread "C2 CompilerThread0" daemon [_thread_blocked, id=25788, stack(0x000000cc60b00000,0x000000cc60c00000)]
=>0x0000021d52fe3e10 JavaThread "C1 CompilerThread0" daemon [_thread_in_vm, id=30348, stack(0x000000cc60c00000,0x000000cc60d00000)]
  0x0000021d52fe4810 JavaThread "Sweeper thread" daemon [_thread_blocked, id=32968, stack(0x000000cc60d00000,0x000000cc60e00000)]
  0x0000021d531e5370 JavaThread "Common-Cleaner" daemon [_thread_blocked, id=37108, stack(0x000000cc60e00000,0x000000cc60f00000)]
  0x0000021d53401590 JavaThread "Monitor Ctrl-Break" daemon [_thread_in_native, id=38340, stack(0x000000cc60f00000,0x000000cc61000000)]
  0x0000021d53401a70 JavaThread "Notification Thread" daemon [_thread_blocked, id=7976, stack(0x000000cc61000000,0x000000cc61100000)]
  0x0000021d99d8dea0 JavaThread "Catalina-utility-1" [_thread_blocked, id=16568, stack(0x000000cc61e00000,0x000000cc61f00000)]
  0x0000021d99d8d990 JavaThread "Catalina-utility-2" [_thread_blocked, id=6916, stack(0x000000cc61f00000,0x000000cc62000000)]
  0x0000021d99d8bb30 JavaThread "container-0" [_thread_blocked, id=15304, stack(0x000000cc62000000,0x000000cc62100000)]
  0x0000021d99d8e8c0 JavaThread "Thread-5" daemon [_thread_in_native, id=24980, stack(0x000000cc62100000,0x000000cc62200000)]
  0x0000021d99d8b110 JavaThread "BufferPoolPruner-1-thread-1" daemon [_thread_blocked, id=21072, stack(0x000000cc61c00000,0x000000cc61d00000)]
  0x0000021d99d8e3b0 JavaThread "cluster-ClusterId{value='6522660eced3af4cb398314c', description='null'}-ac-kuh6a7m-shard-00-00.ddv1plx.mongodb.net:27017" daemon [_thread_in_native, id=36756, stack(0x000000cc62300000,0x000000cc62400000)]
  0x0000021d99d8c550 JavaThread "cluster-rtt-ClusterId{value='6522660eced3af4cb398314c', description='null'}-ac-kuh6a7m-shard-00-00.ddv1plx.mongodb.net:27017" daemon [_thread_blocked, id=19180, stack(0x000000cc62400000,0x000000cc62500000)]
  0x0000021d99d8b620 JavaThread "cluster-ClusterId{value='6522660eced3af4cb398314c', description='null'}-ac-kuh6a7m-shard-00-01.ddv1plx.mongodb.net:27017" daemon [_thread_in_native, id=16684, stack(0x000000cc62500000,0x000000cc62600000)]
  0x0000021d99d8ca60 JavaThread "cluster-rtt-ClusterId{value='6522660eced3af4cb398314c', description='null'}-ac-kuh6a7m-shard-00-01.ddv1plx.mongodb.net:27017" daemon [_thread_blocked, id=9004, stack(0x000000cc62600000,0x000000cc62700000)]
  0x0000021d99d8cf70 JavaThread "cluster-ClusterId{value='6522660eced3af4cb398314c', description='null'}-ac-kuh6a7m-shard-00-02.ddv1plx.mongodb.net:27017" daemon [_thread_in_native, id=34220, stack(0x000000cc62700000,0x000000cc62800000)]
  0x0000021d99d8d480 JavaThread "cluster-rtt-ClusterId{value='6522660eced3af4cb398314c', description='null'}-ac-kuh6a7m-shard-00-02.ddv1plx.mongodb.net:27017" daemon [_thread_blocked, id=36272, stack(0x000000cc62800000,0x000000cc62900000)]
  0x0000021d9ae73c50 JavaThread "MaintenanceTimer-4-thread-1" daemon [_thread_blocked, id=10496, stack(0x000000cc62a00000,0x000000cc62b00000)]
  0x0000021d9ae72300 JavaThread "MaintenanceTimer-2-thread-1" daemon [_thread_blocked, id=32652, stack(0x000000cc62b00000,0x000000cc62c00000)]
  0x0000021d9ae74160 JavaThread "MaintenanceTimer-3-thread-1" daemon [_thread_blocked, id=36952, stack(0x000000cc62c00000,0x000000cc62d00000)]
  0x0000021d9ae74670 JavaThread "File Watcher" daemon [_thread_blocked, id=10180, stack(0x000000cc62d00000,0x000000cc62e00000)]
  0x0000021d9ae72810 JavaThread "spring.cloud.inetutils" daemon [_thread_blocked, id=27516, stack(0x000000cc62e00000,0x000000cc62f00000)]
  0x0000021d9ae764d0 JavaThread "AsyncResolver-bootstrap-0" daemon [_thread_blocked, id=2296, stack(0x000000cc62f00000,0x000000cc63000000)]
  0x0000021d9ae72d20 JavaThread "DiscoveryClient-0" daemon [_thread_blocked, id=6120, stack(0x000000cc63100000,0x000000cc63200000)]
  0x0000021d9ae74b80 JavaThread "DiscoveryClient-1" daemon [_thread_blocked, id=36616, stack(0x000000cc63200000,0x000000cc63300000)]
  0x0000021d9ae6f060 JavaThread "DiscoveryClient-InstanceInfoReplicator-0" daemon [_thread_blocked, id=38288, stack(0x000000cc63300000,0x000000cc63400000)]
  0x0000021d9ae75090 JavaThread "http-nio-9092-exec-1" daemon [_thread_blocked, id=30424, stack(0x000000cc63400000,0x000000cc63500000)]
  0x0000021d9ae755a0 JavaThread "http-nio-9092-exec-2" daemon [_thread_blocked, id=3700, stack(0x000000cc63500000,0x000000cc63600000)]
  0x0000021d9ae75fc0 JavaThread "http-nio-9092-exec-3" daemon [_thread_blocked, id=33924, stack(0x000000cc63600000,0x000000cc63700000)]
  0x0000021d9ae6f570 JavaThread "http-nio-9092-exec-4" daemon [_thread_blocked, id=37644, stack(0x000000cc63700000,0x000000cc63800000)]
  0x0000021d9ae769e0 JavaThread "http-nio-9092-exec-5" daemon [_thread_blocked, id=18208, stack(0x000000cc63800000,0x000000cc63900000)]
  0x0000021d9ae6fa80 JavaThread "http-nio-9092-exec-6" daemon [_thread_blocked, id=37256, stack(0x000000cc63900000,0x000000cc63a00000)]
  0x0000021d9ae6ff90 JavaThread "http-nio-9092-exec-7" daemon [_thread_blocked, id=34456, stack(0x000000cc63a00000,0x000000cc63b00000)]
  0x0000021d9ae704a0 JavaThread "http-nio-9092-exec-8" daemon [_thread_blocked, id=33020, stack(0x000000cc63b00000,0x000000cc63c00000)]
  0x0000021d9ae718e0 JavaThread "http-nio-9092-exec-9" daemon [_thread_blocked, id=34440, stack(0x000000cc63c00000,0x000000cc63d00000)]
  0x0000021d9ae709b0 JavaThread "http-nio-9092-exec-10" daemon [_thread_blocked, id=24112, stack(0x000000cc63d00000,0x000000cc63e00000)]
  0x0000021d9ae70ec0 JavaThread "http-nio-9092-Poller" daemon [_thread_in_native, id=7704, stack(0x000000cc63e00000,0x000000cc63f00000)]
  0x0000021d9ae71df0 JavaThread "http-nio-9092-Acceptor" daemon [_thread_in_native, id=24332, stack(0x000000cc63f00000,0x000000cc64000000)]
  0x0000021d9c764390 JavaThread "DestroyJavaVM" [_thread_blocked, id=18124, stack(0x000000cc5fe00000,0x000000cc5ff00000)]
  0x0000021d9c762530 JavaThread "DiscoveryClient-CacheRefreshExecutor-0" daemon [_thread_blocked, id=31432, stack(0x000000cc63000000,0x000000cc63100000)]
  0x0000021d9c762a40 JavaThread "DiscoveryClient-HeartbeatExecutor-0" daemon [_thread_blocked, id=31536, stack(0x000000cc64000000,0x000000cc64100000)]
  0x0000021d9c766700 JavaThread "AsyncResolver-bootstrap-executor-0" daemon [_thread_blocked, id=10192, stack(0x000000cc5fc00000,0x000000cc5fd00000)]

Other Threads:
  0x0000021d52fb4090 VMThread "VM Thread" [stack: 0x000000cc60400000,0x000000cc60500000] [id=38212]
  0x0000021d36001640 WatcherThread [stack: 0x000000cc61100000,0x000000cc61200000] [id=26992]
  0x0000021d35fdb2c0 GCTaskThread "GC Thread#0" [stack: 0x000000cc5ff00000,0x000000cc60000000] [id=31204]
  0x0000021d53cba550 GCTaskThread "GC Thread#1" [stack: 0x000000cc61200000,0x000000cc61300000] [id=38492]
  0x0000021d9903e400 GCTaskThread "GC Thread#2" [stack: 0x000000cc61300000,0x000000cc61400000] [id=17060]
  0x0000021d9903e6c0 GCTaskThread "GC Thread#3" [stack: 0x000000cc61400000,0x000000cc61500000] [id=35860]
  0x0000021d9903ed90 GCTaskThread "GC Thread#4" [stack: 0x000000cc61500000,0x000000cc61600000] [id=9600]
  0x0000021d991480b0 GCTaskThread "GC Thread#5" [stack: 0x000000cc61900000,0x000000cc61a00000] [id=27372]
  0x0000021d53c3d6e0 GCTaskThread "GC Thread#6" [stack: 0x000000cc61a00000,0x000000cc61b00000] [id=20344]
  0x0000021d990c9c40 GCTaskThread "GC Thread#7" [stack: 0x000000cc61b00000,0x000000cc61c00000] [id=17164]
  0x0000021d35fe7e90 ConcurrentGCThread "G1 Main Marker" [stack: 0x000000cc60000000,0x000000cc60100000] [id=29068]
  0x0000021d35fe88a0 ConcurrentGCThread "G1 Conc#0" [stack: 0x000000cc60100000,0x000000cc60200000] [id=8188]
  0x0000021d9a96caa0 ConcurrentGCThread "G1 Conc#1" [stack: 0x000000cc61800000,0x000000cc61900000] [id=16212]
  0x0000021d52e724b0 ConcurrentGCThread "G1 Refine#0" [stack: 0x000000cc60200000,0x000000cc60300000] [id=38260]
  0x0000021d9952fbe0 ConcurrentGCThread "G1 Refine#1" [stack: 0x000000cc61d00000,0x000000cc61e00000] [id=11924]
  0x0000021d52e72df0 ConcurrentGCThread "G1 Service" [stack: 0x000000cc60300000,0x000000cc60400000] [id=15108]

Threads with active compile tasks:
C1 CompilerThread0  1280644 7601       3       java.util.concurrent.SynchronousQueue$TransferStack::casHead (26 bytes)

VM state: not at safepoint (normal execution)

VM Mutex/Monitor currently owned by a thread:  ([mutex/lock_event])
[0x0000021d33efccc0] Metaspace_lock - owner thread: 0x0000021d52fe3e10
[0x0000021d35f8a870] MethodData_lock - owner thread: 0x0000021d52fe3e10

Heap address: 0x00000000a1c00000, size: 1508 MB, Compressed Oops mode: 32-bit

CDS archive(s) mapped at: [0x0000021d54000000-0x0000021d54bd0000-0x0000021d54bd0000), size 12386304, SharedBaseAddress: 0x0000021d54000000, ArchiveRelocationMode: 1.
Compressed class space mapped at: 0x0000021d55000000-0x0000021d95000000, reserved size: 1073741824
Narrow klass base: 0x0000021d54000000, Narrow klass shift: 0, Narrow klass range: 0x100000000

GC Precious Log:
 CPUs: 8 total, 8 available
 Memory: 6030M
 Large Page Support: Disabled
 NUMA Support: Disabled
 Compressed Oops: Enabled (32-bit)
 Heap Region Size: 1M
 Heap Min Capacity: 8M
 Heap Initial Capacity: 96M
 Heap Max Capacity: 1508M
 Pre-touch: Disabled
 Parallel Workers: 8
 Concurrent Workers: 2
 Concurrent Refinement Workers: 8
 Periodic GC: Disabled

Heap:
 garbage-first heap   total 106496K, used 49050K [0x00000000a1c00000, 0x0000000100000000)
  region size 1024K, 17 young (17408K), 1 survivors (1024K)
 Metaspace       used 54737K, committed 55296K, reserved 1114112K
  class space    used 7131K, committed 7424K, reserved 1048576K

Heap Regions: E=young(eden), S=young(survivor), O=old, HS=humongous(starts), HC=humongous(continues), CS=collection set, F=free, OA=open archive, CA=closed archive, TAMS=top-at-mark-start (previous, next)
|   0|0x00000000a1c00000, 0x00000000a1d00000, 0x00000000a1d00000|100%|HS|  |TAMS 0x00000000a1d00000, 0x00000000a1c00000| Complete 
|   1|0x00000000a1d00000, 0x00000000a1e00000, 0x00000000a1e00000|100%| O|  |TAMS 0x00000000a1e00000, 0x00000000a1d00000| Untracked 
|   2|0x00000000a1e00000, 0x00000000a1f00000, 0x00000000a1f00000|100%| O|  |TAMS 0x00000000a1f00000, 0x00000000a1e00000| Untracked 
|   3|0x00000000a1f00000, 0x00000000a2000000, 0x00000000a2000000|100%| O|  |TAMS 0x00000000a2000000, 0x00000000a1f00000| Untracked 
|   4|0x00000000a2000000, 0x00000000a2100000, 0x00000000a2100000|100%| O|  |TAMS 0x00000000a2100000, 0x00000000a2000000| Untracked 
|   5|0x00000000a2100000, 0x00000000a2200000, 0x00000000a2200000|100%| O|  |TAMS 0x00000000a2200000, 0x00000000a2100000| Untracked 
|   6|0x00000000a2200000, 0x00000000a2300000, 0x00000000a2300000|100%| O|  |TAMS 0x00000000a2300000, 0x00000000a2200000| Untracked 
|   7|0x00000000a2300000, 0x00000000a2400000, 0x00000000a2400000|100%| O|  |TAMS 0x00000000a2400000, 0x00000000a2300000| Untracked 
|   8|0x00000000a2400000, 0x00000000a2500000, 0x00000000a2500000|100%| O|  |TAMS 0x00000000a2500000, 0x00000000a2400000| Untracked 
|   9|0x00000000a2500000, 0x00000000a2600000, 0x00000000a2600000|100%| O|  |TAMS 0x00000000a2500000, 0x00000000a2500000| Untracked 
|  10|0x00000000a2600000, 0x00000000a2700000, 0x00000000a2700000|100%| O|  |TAMS 0x00000000a2700000, 0x00000000a2600000| Untracked 
|  11|0x00000000a2700000, 0x00000000a27eb200, 0x00000000a2800000| 91%| O|  |TAMS 0x00000000a27eb200, 0x00000000a2700000| Untracked 
|  12|0x00000000a2800000, 0x00000000a2900000, 0x00000000a2900000|100%| O|  |TAMS 0x00000000a2900000, 0x00000000a2800000| Untracked 
|  13|0x00000000a2900000, 0x00000000a2a00000, 0x00000000a2a00000|100%| O|  |TAMS 0x00000000a2a00000, 0x00000000a2900000| Untracked 
|  14|0x00000000a2a00000, 0x00000000a2b00000, 0x00000000a2b00000|100%| O|  |TAMS 0x00000000a2b00000, 0x00000000a2a00000| Untracked 
|  15|0x00000000a2b00000, 0x00000000a2c00000, 0x00000000a2c00000|100%| O|  |TAMS 0x00000000a2c00000, 0x00000000a2b00000| Untracked 
|  16|0x00000000a2c00000, 0x00000000a2d00000, 0x00000000a2d00000|100%| O|  |TAMS 0x00000000a2d00000, 0x00000000a2c00000| Untracked 
|  17|0x00000000a2d00000, 0x00000000a2e00000, 0x00000000a2e00000|100%| O|  |TAMS 0x00000000a2e00000, 0x00000000a2d00000| Untracked 
|  18|0x00000000a2e00000, 0x00000000a2f00000, 0x00000000a2f00000|100%| O|  |TAMS 0x00000000a2f00000, 0x00000000a2e00000| Untracked 
|  19|0x00000000a2f00000, 0x00000000a3000000, 0x00000000a3000000|100%| O|  |TAMS 0x00000000a3000000, 0x00000000a2f00000| Untracked 
|  20|0x00000000a3000000, 0x00000000a3100000, 0x00000000a3100000|100%| O|  |TAMS 0x00000000a3100000, 0x00000000a3000000| Untracked 
|  21|0x00000000a3100000, 0x00000000a3200000, 0x00000000a3200000|100%| O|  |TAMS 0x00000000a3200000, 0x00000000a3100000| Untracked 
|  22|0x00000000a3200000, 0x00000000a3300000, 0x00000000a3300000|100%| O|  |TAMS 0x00000000a3300000, 0x00000000a3200000| Untracked 
|  23|0x00000000a3300000, 0x00000000a3400000, 0x00000000a3400000|100%| O|  |TAMS 0x00000000a3400000, 0x00000000a3300000| Untracked 
|  24|0x00000000a3400000, 0x00000000a3500000, 0x00000000a3500000|100%| O|  |TAMS 0x00000000a3500000, 0x00000000a3400000| Untracked 
|  25|0x00000000a3500000, 0x00000000a3600000, 0x00000000a3600000|100%| O|  |TAMS 0x00000000a3600000, 0x00000000a3500000| Untracked 
|  26|0x00000000a3600000, 0x00000000a3700000, 0x00000000a3700000|100%| O|  |TAMS 0x00000000a3700000, 0x00000000a3600000| Untracked 
|  27|0x00000000a3700000, 0x00000000a3800000, 0x00000000a3800000|100%| O|  |TAMS 0x00000000a3800000, 0x00000000a3700000| Untracked 
|  28|0x00000000a3800000, 0x00000000a3900000, 0x00000000a3900000|100%| O|  |TAMS 0x00000000a3800000, 0x00000000a3800000| Untracked 
|  29|0x00000000a3900000, 0x00000000a3a00000, 0x00000000a3a00000|100%| O|  |TAMS 0x00000000a3900000, 0x00000000a3900000| Untracked 
|  30|0x00000000a3a00000, 0x00000000a3a58e00, 0x00000000a3b00000| 34%| O|  |TAMS 0x00000000a3a58e00, 0x00000000a3a00000| Untracked 
|  31|0x00000000a3b00000, 0x00000000a3c00000, 0x00000000a3c00000|100%| O|  |TAMS 0x00000000a3b00000, 0x00000000a3b00000| Untracked 
|  32|0x00000000a3c00000, 0x00000000a3d00000, 0x00000000a3d00000|100%| O|  |TAMS 0x00000000a3c00000, 0x00000000a3c00000| Untracked 
|  33|0x00000000a3d00000, 0x00000000a3da7600, 0x00000000a3e00000| 65%| O|  |TAMS 0x00000000a3d00000, 0x00000000a3d00000| Untracked 
|  34|0x00000000a3e00000, 0x00000000a3e00000, 0x00000000a3f00000|  0%| F|  |TAMS 0x00000000a3e00000, 0x00000000a3e00000| Untracked 
|  35|0x00000000a3f00000, 0x00000000a3f00000, 0x00000000a4000000|  0%| F|  |TAMS 0x00000000a3f00000, 0x00000000a3f00000| Untracked 
|  36|0x00000000a4000000, 0x00000000a4000000, 0x00000000a4100000|  0%| F|  |TAMS 0x00000000a4000000, 0x00000000a4000000| Untracked 
|  37|0x00000000a4100000, 0x00000000a4100000, 0x00000000a4200000|  0%| F|  |TAMS 0x00000000a4100000, 0x00000000a4100000| Untracked 
|  38|0x00000000a4200000, 0x00000000a4200000, 0x00000000a4300000|  0%| F|  |TAMS 0x00000000a4200000, 0x00000000a4200000| Untracked 
|  39|0x00000000a4300000, 0x00000000a4300000, 0x00000000a4400000|  0%| F|  |TAMS 0x00000000a4300000, 0x00000000a4300000| Untracked 
|  40|0x00000000a4400000, 0x00000000a4400000, 0x00000000a4500000|  0%| F|  |TAMS 0x00000000a4400000, 0x00000000a4400000| Untracked 
|  41|0x00000000a4500000, 0x00000000a4500000, 0x00000000a4600000|  0%| F|  |TAMS 0x00000000a4500000, 0x00000000a4500000| Untracked 
|  42|0x00000000a4600000, 0x00000000a4600000, 0x00000000a4700000|  0%| F|  |TAMS 0x00000000a4600000, 0x00000000a4600000| Untracked 
|  43|0x00000000a4700000, 0x00000000a4700000, 0x00000000a4800000|  0%| F|  |TAMS 0x00000000a4700000, 0x00000000a4700000| Untracked 
|  44|0x00000000a4800000, 0x00000000a4800000, 0x00000000a4900000|  0%| F|  |TAMS 0x00000000a4800000, 0x00000000a4800000| Untracked 
|  45|0x00000000a4900000, 0x00000000a4900000, 0x00000000a4a00000|  0%| F|  |TAMS 0x00000000a4900000, 0x00000000a4900000| Untracked 
|  46|0x00000000a4a00000, 0x00000000a4a00000, 0x00000000a4b00000|  0%| F|  |TAMS 0x00000000a4a00000, 0x00000000a4a00000| Untracked 
|  47|0x00000000a4b00000, 0x00000000a4b00000, 0x00000000a4c00000|  0%| F|  |TAMS 0x00000000a4b00000, 0x00000000a4b00000| Untracked 
|  48|0x00000000a4c00000, 0x00000000a4c00000, 0x00000000a4d00000|  0%| F|  |TAMS 0x00000000a4c00000, 0x00000000a4c00000| Untracked 
|  49|0x00000000a4d00000, 0x00000000a4d00000, 0x00000000a4e00000|  0%| F|  |TAMS 0x00000000a4d00000, 0x00000000a4d00000| Untracked 
|  50|0x00000000a4e00000, 0x00000000a4e00000, 0x00000000a4f00000|  0%| F|  |TAMS 0x00000000a4e00000, 0x00000000a4e00000| Untracked 
|  51|0x00000000a4f00000, 0x00000000a4f00000, 0x00000000a5000000|  0%| F|  |TAMS 0x00000000a4f00000, 0x00000000a4f00000| Untracked 
|  52|0x00000000a5000000, 0x00000000a5000000, 0x00000000a5100000|  0%| F|  |TAMS 0x00000000a5000000, 0x00000000a5000000| Untracked 
|  53|0x00000000a5100000, 0x00000000a5100000, 0x00000000a5200000|  0%| F|  |TAMS 0x00000000a5100000, 0x00000000a5100000| Untracked 
|  54|0x00000000a5200000, 0x00000000a5200000, 0x00000000a5300000|  0%| F|  |TAMS 0x00000000a5200000, 0x00000000a5200000| Untracked 
|  55|0x00000000a5300000, 0x00000000a5300000, 0x00000000a5400000|  0%| F|  |TAMS 0x00000000a5300000, 0x00000000a5300000| Untracked 
|  56|0x00000000a5400000, 0x00000000a5400000, 0x00000000a5500000|  0%| F|  |TAMS 0x00000000a5400000, 0x00000000a5400000| Untracked 
|  57|0x00000000a5500000, 0x00000000a5500000, 0x00000000a5600000|  0%| F|  |TAMS 0x00000000a5500000, 0x00000000a5500000| Untracked 
|  58|0x00000000a5600000, 0x00000000a5600000, 0x00000000a5700000|  0%| F|  |TAMS 0x00000000a5600000, 0x00000000a5600000| Untracked 
|  59|0x00000000a5700000, 0x00000000a5700000, 0x00000000a5800000|  0%| F|  |TAMS 0x00000000a5700000, 0x00000000a5700000| Untracked 
|  60|0x00000000a5800000, 0x00000000a5800000, 0x00000000a5900000|  0%| F|  |TAMS 0x00000000a5800000, 0x00000000a5800000| Untracked 
|  61|0x00000000a5900000, 0x00000000a59fb2c8, 0x00000000a5a00000| 98%| S|CS|TAMS 0x00000000a5900000, 0x00000000a5900000| Complete 
|  62|0x00000000a5a00000, 0x00000000a5a00000, 0x00000000a5b00000|  0%| F|  |TAMS 0x00000000a5a00000, 0x00000000a5a00000| Untracked 
|  63|0x00000000a5b00000, 0x00000000a5b00000, 0x00000000a5c00000|  0%| F|  |TAMS 0x00000000a5b00000, 0x00000000a5b00000| Untracked 
|  64|0x00000000a5c00000, 0x00000000a5c00000, 0x00000000a5d00000|  0%| F|  |TAMS 0x00000000a5c00000, 0x00000000a5c00000| Untracked 
|  65|0x00000000a5d00000, 0x00000000a5d00000, 0x00000000a5e00000|  0%| F|  |TAMS 0x00000000a5d00000, 0x00000000a5d00000| Untracked 
|  66|0x00000000a5e00000, 0x00000000a5e00000, 0x00000000a5f00000|  0%| F|  |TAMS 0x00000000a5e00000, 0x00000000a5e00000| Untracked 
|  67|0x00000000a5f00000, 0x00000000a5f00000, 0x00000000a6000000|  0%| F|  |TAMS 0x00000000a5f00000, 0x00000000a5f00000| Untracked 
|  68|0x00000000a6000000, 0x00000000a6000000, 0x00000000a6100000|  0%| F|  |TAMS 0x00000000a6000000, 0x00000000a6000000| Untracked 
|  69|0x00000000a6100000, 0x00000000a6100000, 0x00000000a6200000|  0%| F|  |TAMS 0x00000000a6100000, 0x00000000a6100000| Untracked 
|  70|0x00000000a6200000, 0x00000000a6200000, 0x00000000a6300000|  0%| F|  |TAMS 0x00000000a6200000, 0x00000000a6200000| Untracked 
|  71|0x00000000a6300000, 0x00000000a6300000, 0x00000000a6400000|  0%| F|  |TAMS 0x00000000a6300000, 0x00000000a6300000| Untracked 
|  72|0x00000000a6400000, 0x00000000a6400000, 0x00000000a6500000|  0%| F|  |TAMS 0x00000000a6400000, 0x00000000a6400000| Untracked 
|  73|0x00000000a6500000, 0x00000000a6500000, 0x00000000a6600000|  0%| F|  |TAMS 0x00000000a6500000, 0x00000000a6500000| Untracked 
|  74|0x00000000a6600000, 0x00000000a6600000, 0x00000000a6700000|  0%| F|  |TAMS 0x00000000a6600000, 0x00000000a6600000| Untracked 
|  75|0x00000000a6700000, 0x00000000a6700000, 0x00000000a6800000|  0%| F|  |TAMS 0x00000000a6700000, 0x00000000a6700000| Untracked 
|  76|0x00000000a6800000, 0x00000000a6800000, 0x00000000a6900000|  0%| F|  |TAMS 0x00000000a6800000, 0x00000000a6800000| Untracked 
|  77|0x00000000a6900000, 0x00000000a6900000, 0x00000000a6a00000|  0%| F|  |TAMS 0x00000000a6900000, 0x00000000a6900000| Untracked 
|  78|0x00000000a6a00000, 0x00000000a6a00000, 0x00000000a6b00000|  0%| F|  |TAMS 0x00000000a6a00000, 0x00000000a6a00000| Untracked 
|  79|0x00000000a6b00000, 0x00000000a6b00000, 0x00000000a6c00000|  0%| F|  |TAMS 0x00000000a6b00000, 0x00000000a6b00000| Untracked 
|  80|0x00000000a6c00000, 0x00000000a6c00000, 0x00000000a6d00000|  0%| F|  |TAMS 0x00000000a6c00000, 0x00000000a6c00000| Untracked 
|  81|0x00000000a6d00000, 0x00000000a6d00000, 0x00000000a6e00000|  0%| F|  |TAMS 0x00000000a6d00000, 0x00000000a6d00000| Untracked 
|  82|0x00000000a6e00000, 0x00000000a6e00000, 0x00000000a6f00000|  0%| F|  |TAMS 0x00000000a6e00000, 0x00000000a6e00000| Untracked 
|  83|0x00000000a6f00000, 0x00000000a6f00000, 0x00000000a7000000|  0%| F|  |TAMS 0x00000000a6f00000, 0x00000000a6f00000| Untracked 
|  84|0x00000000a7000000, 0x00000000a7000000, 0x00000000a7100000|  0%| F|  |TAMS 0x00000000a7000000, 0x00000000a7000000| Untracked 
|  85|0x00000000a7100000, 0x00000000a7100000, 0x00000000a7200000|  0%| F|  |TAMS 0x00000000a7100000, 0x00000000a7100000| Untracked 
|  86|0x00000000a7200000, 0x00000000a7200000, 0x00000000a7300000|  0%| F|  |TAMS 0x00000000a7200000, 0x00000000a7200000| Untracked 
|  87|0x00000000a7300000, 0x00000000a7300000, 0x00000000a7400000|  0%| F|  |TAMS 0x00000000a7300000, 0x00000000a7300000| Untracked 
|  88|0x00000000a7400000, 0x00000000a74cf558, 0x00000000a7500000| 80%| E|  |TAMS 0x00000000a7400000, 0x00000000a7400000| Complete 
|  89|0x00000000a7500000, 0x00000000a7600000, 0x00000000a7600000|100%| E|CS|TAMS 0x00000000a7500000, 0x00000000a7500000| Complete 
|  90|0x00000000a7600000, 0x00000000a7700000, 0x00000000a7700000|100%| E|CS|TAMS 0x00000000a7600000, 0x00000000a7600000| Complete 
|  91|0x00000000a7700000, 0x00000000a7800000, 0x00000000a7800000|100%| E|CS|TAMS 0x00000000a7700000, 0x00000000a7700000| Complete 
|  92|0x00000000a7800000, 0x00000000a7900000, 0x00000000a7900000|100%| E|CS|TAMS 0x00000000a7800000, 0x00000000a7800000| Complete 
|  93|0x00000000a7900000, 0x00000000a7a00000, 0x00000000a7a00000|100%| E|CS|TAMS 0x00000000a7900000, 0x00000000a7900000| Complete 
|  94|0x00000000a7a00000, 0x00000000a7b00000, 0x00000000a7b00000|100%| E|CS|TAMS 0x00000000a7a00000, 0x00000000a7a00000| Complete 
|  95|0x00000000a7b00000, 0x00000000a7c00000, 0x00000000a7c00000|100%| E|CS|TAMS 0x00000000a7b00000, 0x00000000a7b00000| Complete 
|  96|0x00000000a7c00000, 0x00000000a7d00000, 0x00000000a7d00000|100%| E|CS|TAMS 0x00000000a7c00000, 0x00000000a7c00000| Complete 
|  97|0x00000000a7d00000, 0x00000000a7e00000, 0x00000000a7e00000|100%| E|CS|TAMS 0x00000000a7d00000, 0x00000000a7d00000| Complete 
|  98|0x00000000a7e00000, 0x00000000a7f00000, 0x00000000a7f00000|100%| E|  |TAMS 0x00000000a7e00000, 0x00000000a7e00000| Complete 
|  99|0x00000000a7f00000, 0x00000000a8000000, 0x00000000a8000000|100%| E|CS|TAMS 0x00000000a7f00000, 0x00000000a7f00000| Complete 
| 100|0x00000000a8000000, 0x00000000a8100000, 0x00000000a8100000|100%| E|CS|TAMS 0x00000000a8000000, 0x00000000a8000000| Complete 
| 101|0x00000000a8100000, 0x00000000a8200000, 0x00000000a8200000|100%| E|CS|TAMS 0x00000000a8100000, 0x00000000a8100000| Complete 
| 102|0x00000000a8200000, 0x00000000a8300000, 0x00000000a8300000|100%| E|CS|TAMS 0x00000000a8200000, 0x00000000a8200000| Complete 
|1507|0x00000000fff00000, 0x0000000100000000, 0x0000000100000000|100%| E|CS|TAMS 0x00000000fff00000, 0x00000000fff00000| Complete 

Card table byte_map: [0x0000021d4d0b0000,0x0000021d4d3b0000] _byte_map_base: 0x0000021d4cba2000

Marking Bits (Prev, Next): (CMBitMap*) 0x0000021d35fdb920, (CMBitMap*) 0x0000021d35fdb8e0
 Prev Bits: [0x0000021d4ee40000, 0x0000021d505d0000)
 Next Bits: [0x0000021d4d6b0000, 0x0000021d4ee40000)

Polling page: 0x0000021d35740000

Metaspace:

Usage:
  Non-class:     46.49 MB used.
      Class:      6.96 MB used.
       Both:     53.45 MB used.

Virtual space:
  Non-class space:       64.00 MB reserved,      46.75 MB ( 73%) committed,  1 nodes.
      Class space:        1.00 GB reserved,       7.25 MB ( <1%) committed,  1 nodes.
             Both:        1.06 GB reserved,      54.00 MB (  5%) committed. 

Chunk freelists:
   Non-Class:  304.00 KB
       Class:  8.67 MB
        Both:  8.97 MB

MaxMetaspaceSize: unlimited
CompressedClassSpaceSize: 1.00 GB
Initial GC threshold: 21.00 MB
Current GC threshold: 70.25 MB
CDS: on
MetaspaceReclaimPolicy: balanced
 - commit_granule_bytes: 65536.
 - commit_granule_words: 8192.
 - virtual_space_node_default_size: 8388608.
 - enlarge_chunks_in_place: 1.
 - new_chunks_are_fully_committed: 0.
 - uncommit_free_chunks: 1.
 - use_allocation_guard: 0.
 - handle_deallocations: 1.


Internal statistics:

num_allocs_failed_limit: 8.
num_arena_births: 736.
num_arena_deaths: 0.
num_vsnodes_births: 2.
num_vsnodes_deaths: 0.
num_space_committed: 864.
num_space_uncommitted: 0.
num_chunks_returned_to_freelist: 8.
num_chunks_taken_from_freelist: 2618.
num_chunk_merges: 6.
num_chunk_splits: 1786.
num_chunks_enlarged: 1301.
num_inconsistent_stats: 0.

CodeHeap 'non-profiled nmethods': size=120000Kb used=3422Kb max_used=3422Kb free=116577Kb
 bounds [0x0000021d45550000, 0x0000021d458b0000, 0x0000021d4ca80000]
CodeHeap 'profiled nmethods': size=120000Kb used=12853Kb max_used=12853Kb free=107146Kb
 bounds [0x0000021d3da80000, 0x0000021d3e710000, 0x0000021d44fb0000]
CodeHeap 'non-nmethods': size=5760Kb used=1317Kb max_used=1364Kb free=4442Kb
 bounds [0x0000021d44fb0000, 0x0000021d45220000, 0x0000021d45550000]
 total_blobs=7333 nmethods=6693 adapters=552
 compilation: enabled
              stopped_count=0, restarted_count=0
 full_count=0

Compilation events (20 events):
Event: 1280.167 Thread 0x0000021d52fe3e10 nmethod 7591 0x0000021d3e70ad90 code [0x0000021d3e70af40, 0x0000021d3e70b278]
Event: 1280.168 Thread 0x0000021d52fe3e10 7592       3       com.fasterxml.jackson.databind.deser.DefaultDeserializationContext$Impl::createInstance (12 bytes)
Event: 1280.181 Thread 0x0000021d52fe3e10 nmethod 7592 0x0000021d3e70b390 code [0x0000021d3e70b540, 0x0000021d3e70b708]
Event: 1280.181 Thread 0x0000021d52fe3e10 7593       3       com.fasterxml.jackson.databind.deser.DefaultDeserializationContext$Impl::<init> (10 bytes)
Event: 1280.182 Thread 0x0000021d52fe3e10 nmethod 7593 0x0000021d3e70b810 code [0x0000021d3e70b9a0, 0x0000021d3e70bae8]
Event: 1280.182 Thread 0x0000021d52fe3e10 7594       1       org.springframework.http.HttpEntity::getBody (5 bytes)
Event: 1280.184 Thread 0x0000021d52fe3e10 nmethod 7594 0x0000021d458a7610 code [0x0000021d458a77a0, 0x0000021d458a7878]
Event: 1280.196 Thread 0x0000021d52fe3e10 7595       3       java.util.concurrent.atomic.AtomicMarkableReference$Pair::<init> (15 bytes)
Event: 1280.196 Thread 0x0000021d52fe3e10 nmethod 7595 0x0000021d3e70bb90 code [0x0000021d3e70bd20, 0x0000021d3e70bef8]
Event: 1280.196 Thread 0x0000021d52fe3e10 7596       3       org.apache.hc.core5.http.io.entity.ByteArrayEntity::getContentLength (6 bytes)
Event: 1280.197 Thread 0x0000021d52fe3e10 nmethod 7596 0x0000021d3e70bf90 code [0x0000021d3e70c120, 0x0000021d3e70c238]
Event: 1280.199 Thread 0x0000021d52fe3e10 7597       3       java.time.Instant::now (4 bytes)
Event: 1280.200 Thread 0x0000021d52fe3e10 nmethod 7597 0x0000021d3e70c310 code [0x0000021d3e70c4a0, 0x0000021d3e70c5a8]
Event: 1280.201 Thread 0x0000021d52fe3e10 7599       3       org.apache.hc.core5.http.impl.io.SocketHolder::getOutputStream (51 bytes)
Event: 1280.213 Thread 0x0000021d52fe3e10 nmethod 7599 0x0000021d3e70c690 code [0x0000021d3e70c960, 0x0000021d3e70da18]
Event: 1280.213 Thread 0x0000021d52fe3e10 7600       3       org.apache.hc.core5.http.ProtocolVersion::equals (22 bytes)
Event: 1280.214 Thread 0x0000021d52fe3e10 nmethod 7600 0x0000021d3e70df90 code [0x0000021d3e70e120, 0x0000021d3e70e2d8]
Event: 1280.214 Thread 0x0000021d52fe3e10 7598       3       org.apache.hc.client5.http.impl.io.PoolingHttpClientConnectionManager::access$000 (4 bytes)
Event: 1280.215 Thread 0x0000021d52fe3e10 nmethod 7598 0x0000021d3db7a010 code [0x0000021d3db7a1a0, 0x0000021d3db7a298]
Event: 1280.524 Thread 0x0000021d52fe3e10 7601       3       java.util.concurrent.SynchronousQueue$TransferStack::casHead (26 bytes)

GC Heap History (20 events):
Event: 7.793 GC heap before
{Heap before GC invocations=5 (full 0):
 garbage-first heap   total 58368K, used 45232K [0x00000000a1c00000, 0x0000000100000000)
  region size 1024K, 34 young (34816K), 5 survivors (5120K)
 Metaspace       used 26647K, committed 27072K, reserved 1114112K
  class space    used 3509K, committed 3712K, reserved 1048576K
}
Event: 7.802 GC heap after
{Heap after GC invocations=6 (full 0):
 garbage-first heap   total 58368K, used 18221K [0x00000000a1c00000, 0x0000000100000000)
  region size 1024K, 5 young (5120K), 5 survivors (5120K)
 Metaspace       used 26647K, committed 27072K, reserved 1114112K
  class space    used 3509K, committed 3712K, reserved 1048576K
}
Event: 8.606 GC heap before
{Heap before GC invocations=6 (full 0):
 garbage-first heap   total 58368K, used 46893K [0x00000000a1c00000, 0x0000000100000000)
  region size 1024K, 28 young (28672K), 5 survivors (5120K)
 Metaspace       used 29311K, committed 29696K, reserved 1114112K
  class space    used 3780K, committed 3904K, reserved 1048576K
}
Event: 8.618 GC heap after
{Heap after GC invocations=7 (full 0):
 garbage-first heap   total 59392K, used 28215K [0x00000000a1c00000, 0x0000000100000000)
  region size 1024K, 4 young (4096K), 4 survivors (4096K)
 Metaspace       used 29311K, committed 29696K, reserved 1114112K
  class space    used 3780K, committed 3904K, reserved 1048576K
}
Event: 9.258 GC heap before
{Heap before GC invocations=7 (full 0):
 garbage-first heap   total 59392K, used 43575K [0x00000000a1c00000, 0x0000000100000000)
  region size 1024K, 18 young (18432K), 4 survivors (4096K)
 Metaspace       used 30405K, committed 30912K, reserved 1114112K
  class space    used 3909K, committed 4160K, reserved 1048576K
}
Event: 9.264 GC heap after
{Heap after GC invocations=8 (full 0):
 garbage-first heap   total 59392K, used 27283K [0x00000000a1c00000, 0x0000000100000000)
  region size 1024K, 2 young (2048K), 2 survivors (2048K)
 Metaspace       used 30405K, committed 30912K, reserved 1114112K
  class space    used 3909K, committed 4160K, reserved 1048576K
}
Event: 11.092 GC heap before
{Heap before GC invocations=8 (full 0):
 garbage-first heap   total 59392K, used 42643K [0x00000000a1c00000, 0x0000000100000000)
  region size 1024K, 17 young (17408K), 2 survivors (2048K)
 Metaspace       used 34813K, committed 35264K, reserved 1114112K
  class space    used 4534K, committed 4736K, reserved 1048576K
}
Event: 11.099 GC heap after
{Heap after GC invocations=9 (full 0):
 garbage-first heap   total 59392K, used 28494K [0x00000000a1c00000, 0x0000000100000000)
  region size 1024K, 3 young (3072K), 3 survivors (3072K)
 Metaspace       used 34813K, committed 35264K, reserved 1114112K
  class space    used 4534K, committed 4736K, reserved 1048576K
}
Event: 11.226 GC heap before
{Heap before GC invocations=9 (full 0):
 garbage-first heap   total 59392K, used 35662K [0x00000000a1c00000, 0x0000000100000000)
  region size 1024K, 11 young (11264K), 3 survivors (3072K)
 Metaspace       used 35590K, committed 35968K, reserved 1114112K
  class space    used 4615K, committed 4800K, reserved 1048576K
}
Event: 11.233 GC heap after
{Heap after GC invocations=10 (full 0):
 garbage-first heap   total 59392K, used 29812K [0x00000000a1c00000, 0x0000000100000000)
  region size 1024K, 3 young (3072K), 3 survivors (3072K)
 Metaspace       used 35590K, committed 35968K, reserved 1114112K
  class space    used 4615K, committed 4800K, reserved 1048576K
}
Event: 12.156 GC heap before
{Heap before GC invocations=11 (full 0):
 garbage-first heap   total 59392K, used 42100K [0x00000000a1c00000, 0x0000000100000000)
  region size 1024K, 17 young (17408K), 3 survivors (3072K)
 Metaspace       used 39790K, committed 40256K, reserved 1114112K
  class space    used 5234K, committed 5440K, reserved 1048576K
}
Event: 12.169 GC heap after
{Heap after GC invocations=12 (full 0):
 garbage-first heap   total 59392K, used 30487K [0x00000000a1c00000, 0x0000000100000000)
  region size 1024K, 3 young (3072K), 3 survivors (3072K)
 Metaspace       used 39790K, committed 40256K, reserved 1114112K
  class space    used 5234K, committed 5440K, reserved 1048576K
}
Event: 12.221 GC heap before
{Heap before GC invocations=12 (full 0):
 garbage-first heap   total 59392K, used 31511K [0x00000000a1c00000, 0x0000000100000000)
  region size 1024K, 4 young (4096K), 3 survivors (3072K)
 Metaspace       used 40133K, committed 40640K, reserved 1114112K
  class space    used 5282K, committed 5568K, reserved 1048576K
}
Event: 12.235 GC heap after
{Heap after GC invocations=13 (full 0):
 garbage-first heap   total 59392K, used 28457K [0x00000000a1c00000, 0x0000000100000000)
  region size 1024K, 1 young (1024K), 1 survivors (1024K)
 Metaspace       used 40133K, committed 40640K, reserved 1114112K
  class space    used 5282K, committed 5568K, reserved 1048576K
}
Event: 12.926 GC heap before
{Heap before GC invocations=13 (full 0):
 garbage-first heap   total 59392K, used 42793K [0x00000000a1c00000, 0x0000000100000000)
  region size 1024K, 16 young (16384K), 1 survivors (1024K)
 Metaspace       used 42619K, committed 43136K, reserved 1114112K
  class space    used 5583K, committed 5824K, reserved 1048576K
}
Event: 12.933 GC heap after
{Heap after GC invocations=14 (full 0):
 garbage-first heap   total 108544K, used 29518K [0x00000000a1c00000, 0x0000000100000000)
  region size 1024K, 2 young (2048K), 2 survivors (2048K)
 Metaspace       used 42619K, committed 43136K, reserved 1114112K
  class space    used 5583K, committed 5824K, reserved 1048576K
}
Event: 46.680 GC heap before
{Heap before GC invocations=15 (full 0):
 garbage-first heap   total 106496K, used 75598K [0x00000000a1c00000, 0x0000000100000000)
  region size 1024K, 47 young (48128K), 2 survivors (2048K)
 Metaspace       used 50921K, committed 51392K, reserved 1114112K
  class space    used 6745K, committed 6976K, reserved 1048576K
}
Event: 46.696 GC heap after
{Heap after GC invocations=16 (full 0):
 garbage-first heap   total 106496K, used 33863K [0x00000000a1c00000, 0x0000000100000000)
  region size 1024K, 6 young (6144K), 6 survivors (6144K)
 Metaspace       used 50921K, committed 51392K, reserved 1114112K
  class space    used 6745K, committed 6976K, reserved 1048576K
}
Event: 1181.363 GC heap before
{Heap before GC invocations=16 (full 0):
 garbage-first heap   total 106496K, used 76871K [0x00000000a1c00000, 0x0000000100000000)
  region size 1024K, 48 young (49152K), 6 survivors (6144K)
 Metaspace       used 51961K, committed 52480K, reserved 1114112K
  class space    used 6778K, committed 7040K, reserved 1048576K
}
Event: 1181.576 GC heap after
{Heap after GC invocations=17 (full 0):
 garbage-first heap   total 106496K, used 34714K [0x00000000a1c00000, 0x0000000100000000)
  region size 1024K, 1 young (1024K), 1 survivors (1024K)
 Metaspace       used 51961K, committed 52480K, reserved 1114112K
  class space    used 6778K, committed 7040K, reserved 1048576K
}

Dll operation events (13 events):
Event: 0.018 Loaded shared library C:\Program Files\Amazon Corretto\jdk17.0.8_7\bin\java.dll
Event: 0.043 Loaded shared library C:\Program Files\Amazon Corretto\jdk17.0.8_7\bin\jsvml.dll
Event: 0.265 Loaded shared library C:\Program Files\Amazon Corretto\jdk17.0.8_7\bin\zip.dll
Event: 0.271 Loaded shared library C:\Program Files\Amazon Corretto\jdk17.0.8_7\bin\instrument.dll
Event: 0.282 Loaded shared library C:\Program Files\Amazon Corretto\jdk17.0.8_7\bin\net.dll
Event: 0.285 Loaded shared library C:\Program Files\Amazon Corretto\jdk17.0.8_7\bin\nio.dll
Event: 0.290 Loaded shared library C:\Program Files\Amazon Corretto\jdk17.0.8_7\bin\zip.dll
Event: 0.538 Loaded shared library C:\Program Files\JetBrains\IntelliJ IDEA Community Edition 2023.2\bin\breakgen64.dll
Event: 0.612 Loaded shared library C:\Program Files\Amazon Corretto\jdk17.0.8_7\bin\jimage.dll
Event: 1.181 Loaded shared library C:\Program Files\Amazon Corretto\jdk17.0.8_7\bin\management.dll
Event: 1.184 Loaded shared library C:\Program Files\Amazon Corretto\jdk17.0.8_7\bin\management_ext.dll
Event: 8.050 Loaded shared library C:\Program Files\Amazon Corretto\jdk17.0.8_7\bin\sunmscapi.dll
Event: 16.183 Loaded shared library C:\Program Files\Amazon Corretto\jdk17.0.8_7\bin\verify.dll

Deoptimization events (20 events):
Event: 1184.627 Thread 0x0000021d9ae75090 DEOPT PACKING pc=0x0000021d3e2417e7 sp=0x000000cc634fa860
Event: 1184.627 Thread 0x0000021d9ae75090 DEOPT UNPACKING pc=0x0000021d45007143 sp=0x000000cc634f9cd8 mode 0
Event: 1185.242 Thread 0x0000021d9ae75090 Uncommon trap: trap_request=0xffffff54 fr.pc=0x0000021d45796cc4 relative=0x0000000000000624
Event: 1185.242 Thread 0x0000021d9ae75090 Uncommon trap: reason=speculate_null_assert action=make_not_entrant pc=0x0000021d45796cc4 method=org.springframework.util.ConcurrentReferenceHashMap$Segment.restructureIfNecessary(Z)V @ 41 c2
Event: 1185.242 Thread 0x0000021d9ae75090 DEOPT PACKING pc=0x0000021d45796cc4 sp=0x000000cc634fad50
Event: 1185.242 Thread 0x0000021d9ae75090 DEOPT UNPACKING pc=0x0000021d450069a3 sp=0x000000cc634faba8 mode 2
Event: 1185.352 Thread 0x0000021d9ae75090 Uncommon trap: trap_request=0xffffff45 fr.pc=0x0000021d456d9a1c relative=0x0000000000000e1c
Event: 1185.352 Thread 0x0000021d9ae75090 Uncommon trap: reason=unstable_if action=reinterpret pc=0x0000021d456d9a1c method=java.util.HashMap.putVal(ILjava/lang/Object;Ljava/lang/Object;ZZ)Ljava/lang/Object; @ 94 c2
Event: 1185.352 Thread 0x0000021d9ae75090 DEOPT PACKING pc=0x0000021d456d9a1c sp=0x000000cc634fc9d0
Event: 1185.352 Thread 0x0000021d9ae75090 DEOPT UNPACKING pc=0x0000021d450069a3 sp=0x000000cc634fc968 mode 2
Event: 1185.354 Thread 0x0000021d9ae75090 DEOPT PACKING pc=0x0000021d3e3985cc sp=0x000000cc634fc930
Event: 1185.354 Thread 0x0000021d9ae75090 DEOPT UNPACKING pc=0x0000021d45007143 sp=0x000000cc634fbdf0 mode 0
Event: 1204.636 Thread 0x0000021d9ae75fc0 Uncommon trap: trap_request=0xffffff54 fr.pc=0x0000021d45799538 relative=0x0000000000000638
Event: 1204.636 Thread 0x0000021d9ae75fc0 Uncommon trap: reason=speculate_null_assert action=make_not_entrant pc=0x0000021d45799538 method=org.springframework.util.ConcurrentReferenceHashMap$Segment.restructureIfNecessary(Z)V @ 41 c2
Event: 1204.636 Thread 0x0000021d9ae75fc0 DEOPT PACKING pc=0x0000021d45799538 sp=0x000000cc636fcd70
Event: 1204.636 Thread 0x0000021d9ae75fc0 DEOPT UNPACKING pc=0x0000021d450069a3 sp=0x000000cc636fcc40 mode 2
Event: 1204.713 Thread 0x0000021d9ae75fc0 Uncommon trap: trap_request=0xffffff45 fr.pc=0x0000021d4587a954 relative=0x00000000000009d4
Event: 1204.713 Thread 0x0000021d9ae75fc0 Uncommon trap: reason=unstable_if action=reinterpret pc=0x0000021d4587a954 method=java.util.Optional.orElseGet(Ljava/util/function/Supplier;)Ljava/lang/Object; @ 4 c2
Event: 1204.713 Thread 0x0000021d9ae75fc0 DEOPT PACKING pc=0x0000021d4587a954 sp=0x000000cc636fba00
Event: 1204.713 Thread 0x0000021d9ae75fc0 DEOPT UNPACKING pc=0x0000021d450069a3 sp=0x000000cc636fb970 mode 2

Classes unloaded (0 events):
No events

Classes redefined (0 events):
No events

Internal exceptions (20 events):
Event: 12.047 Thread 0x0000021d53c1eda0 Exception <a 'java/lang/NoSuchMethodError'{0x00000000a454fdc8}: 'void java.lang.invoke.DirectMethodHandle$Holder.invokeSpecial(java.lang.Object, java.lang.Object, java.lang.Object, java.lang.Object, java.lang.Object, java.lang.Object, java.lang.Object)'> (0x00000000a454fdc8) 
thrown [s\src\hotspot\share\interpreter\linkResolver.cpp, line 759]
Event: 12.048 Thread 0x0000021d53c1eda0 Exception <a 'java/lang/NoSuchMethodError'{0x00000000a455a000}: 'java.lang.Object java.lang.invoke.DirectMethodHandle$Holder.newInvokeSpecial(java.lang.Object, java.lang.Object, java.lang.Object, java.lang.Object, java.lang.Object, java.lang.Object)'> (0x00000000a455a000) 
thrown [s\src\hotspot\share\interpreter\linkResolver.cpp, line 759]
Event: 12.264 Thread 0x0000021d53c1eda0 Exception <a 'java/lang/NoSuchMethodError'{0x00000000fffc1070}: 'java.lang.Object java.lang.invoke.DirectMethodHandle$Holder.invokeStatic(java.lang.Object, java.lang.Object, int, java.lang.Object)'> (0x00000000fffc1070) 
thrown [s\src\hotspot\share\interpreter\linkResolver.cpp, line 759]
Event: 12.265 Thread 0x0000021d53c1eda0 Exception <a 'java/lang/NoSuchMethodError'{0x00000000fffc8588}: 'java.lang.Object java.lang.invoke.DirectMethodHandle$Holder.newInvokeSpecial(java.lang.Object, java.lang.Object, int)'> (0x00000000fffc8588) 
thrown [s\src\hotspot\share\interpreter\linkResolver.cpp, line 759]
Event: 12.283 Thread 0x0000021d53c1eda0 Exception <a 'java/lang/NoSuchMethodError'{0x00000000fffe96c8}: 'java.lang.Object java.lang.invoke.Invokers$Holder.invoke_MT(java.lang.Object, java.lang.Object, java.lang.Object, java.lang.Object, java.lang.Object, java.lang.Object, java.lang.Object, java.lang.Object, java.lang.Object)'> (0x00000000fffe96c8) 
thrown [s\src\hotspot\share\interpreter\linkResolver.cpp, line 759]
Event: 12.760 Thread 0x0000021d53c1eda0 Exception <a 'java/lang/IncompatibleClassChangeError'{0x00000000a48da6d8}: Found class java.lang.Object, but interface was expected> (0x00000000a48da6d8) 
thrown [s\src\hotspot\share\interpreter\linkResolver.cpp, line 826]
Event: 13.191 Thread 0x0000021d53c1eda0 Exception <a 'sun/nio/fs/WindowsException'{0x00000000a802dd28}> (0x00000000a802dd28) 
thrown [s\src\hotspot\share\prims\jni.cpp, line 516]
Event: 15.396 Thread 0x0000021d53c1eda0 Exception <a 'java/lang/NoSuchMethodError'{0x00000000a72bab60}: 'java.lang.Object java.lang.invoke.DirectMethodHandle$Holder.newInvokeSpecial(java.lang.Object, java.lang.Object, int, java.lang.Object, java.lang.Object)'> (0x00000000a72bab60) 
thrown [s\src\hotspot\share\interpreter\linkResolver.cpp, line 759]
Event: 15.400 Thread 0x0000021d53c1eda0 Exception <a 'java/lang/NoSuchMethodError'{0x00000000a72c61c8}: 'java.lang.Object java.lang.invoke.DirectMethodHandle$Holder.invokeSpecial(java.lang.Object, java.lang.Object, int, java.lang.Object, int, java.lang.Object)'> (0x00000000a72c61c8) 
thrown [s\src\hotspot\share\interpreter\linkResolver.cpp, line 759]
Event: 15.402 Thread 0x0000021d53c1eda0 Exception <a 'java/lang/NoSuchMethodError'{0x00000000a72ce278}: 'java.lang.Object java.lang.invoke.DirectMethodHandle$Holder.newInvokeSpecial(java.lang.Object, java.lang.Object, int, java.lang.Object, int)'> (0x00000000a72ce278) 
thrown [s\src\hotspot\share\interpreter\linkResolver.cpp, line 759]
Event: 15.403 Thread 0x0000021d53c1eda0 Exception <a 'java/lang/NoSuchMethodError'{0x00000000a72d2378}: 'java.lang.Object java.lang.invoke.DirectMethodHandle$Holder.invokeSpecial(java.lang.Object, java.lang.Object, java.lang.Object, int, java.lang.Object, int)'> (0x00000000a72d2378) 
thrown [s\src\hotspot\share\interpreter\linkResolver.cpp, line 759]
Event: 15.532 Thread 0x0000021d53c1eda0 Exception <a 'java/lang/IncompatibleClassChangeError'{0x00000000a70bb1d8}: Found class java.lang.Object, but interface was expected> (0x00000000a70bb1d8) 
thrown [s\src\hotspot\share\interpreter\linkResolver.cpp, line 826]
Event: 1182.005 Thread 0x0000021d9ae75090 Exception <a 'java/lang/NoSuchMethodError'{0x00000000a827a658}: 'java.lang.Object java.lang.invoke.DirectMethodHandle$Holder.invokeSpecial(java.lang.Object, java.lang.Object, java.lang.Object, java.lang.Object, java.lang.Object, long)'> (0x00000000a827a658) 
thrown [s\src\hotspot\share\interpreter\linkResolver.cpp, line 759]
Event: 1182.008 Thread 0x0000021d9ae75090 Exception <a 'java/lang/NoSuchMethodError'{0x00000000a827e098}: 'java.lang.Object java.lang.invoke.Invokers$Holder.linkToTargetMethod(java.lang.Object, java.lang.Object, java.lang.Object, long, java.lang.Object)'> (0x00000000a827e098) 
thrown [s\src\hotspot\share\interpreter\linkResolver.cpp, line 759]
Event: 1182.807 Thread 0x0000021d9ae75090 Implicit null exception at 0x0000021d45831fe8 to 0x0000021d4583209d
Event: 1183.364 Thread 0x0000021d9ae75090 Exception <a 'java/lang/reflect/InvocationTargetException'{0x00000000a7d742a0}> (0x00000000a7d742a0) 
thrown [s\src\hotspot\share\runtime\reflection.cpp, line 1121]
Event: 1185.188 Thread 0x0000021d9ae75090 Exception <a 'java/lang/NoSuchMethodError'{0x00000000a7b84288}: 'java.lang.Object java.lang.invoke.DirectMethodHandle$Holder.invokeVirtual(java.lang.Object, java.lang.Object, java.lang.Object, java.lang.Object, java.lang.Object)'> (0x00000000a7b84288) 
thrown [s\src\hotspot\share\interpreter\linkResolver.cpp, line 759]
Event: 1185.257 Thread 0x0000021d9ae75090 Exception <a 'java/lang/NoSuchMethodError'{0x00000000a7a8e728}: 'void java.lang.invoke.Invokers$Holder.invoke_MT(java.lang.Object, java.lang.Object, java.lang.Object, java.lang.Object)'> (0x00000000a7a8e728) 
thrown [s\src\hotspot\share\interpreter\linkResolver.cpp, line 759]
Event: 1204.713 Thread 0x0000021d9ae75fc0 Implicit null exception at 0x0000021d4587a39a to 0x0000021d4587a934
Event: 1204.742 Thread 0x0000021d9ae75fc0 Exception <a 'java/lang/NoSuchMethodError'{0x00000000a77b3d50}: 'java.lang.Object java.lang.invoke.DirectMethodHandle$Holder.invokeInterface(java.lang.Object, java.lang.Object, int)'> (0x00000000a77b3d50) 
thrown [s\src\hotspot\share\interpreter\linkResolver.cpp, line 759]

VM Operations (20 events):
Event: 1205.484 Executing VM operation: Cleanup
Event: 1205.484 Executing VM operation: Cleanup done
Event: 1207.499 Executing VM operation: Cleanup
Event: 1207.499 Executing VM operation: Cleanup done
Event: 1214.564 Executing VM operation: Cleanup
Event: 1214.565 Executing VM operation: Cleanup done
Event: 1221.629 Executing VM operation: Cleanup
Event: 1221.629 Executing VM operation: Cleanup done
Event: 1224.647 Executing VM operation: Cleanup
Event: 1224.647 Executing VM operation: Cleanup done
Event: 1231.720 Executing VM operation: Cleanup
Event: 1231.720 Executing VM operation: Cleanup done
Event: 1240.764 Executing VM operation: Cleanup
Event: 1240.764 Executing VM operation: Cleanup done
Event: 1252.881 Executing VM operation: Cleanup
Event: 1252.881 Executing VM operation: Cleanup done
Event: 1262.966 Executing VM operation: Cleanup
Event: 1262.966 Executing VM operation: Cleanup done
Event: 1272.072 Executing VM operation: Cleanup
Event: 1272.073 Executing VM operation: Cleanup done

Events (20 events):
Event: 1183.705 loading class sun/security/ssl/PreSharedKeyExtension$PartialClientHelloMessage
Event: 1183.705 loading class sun/security/ssl/PreSharedKeyExtension$PartialClientHelloMessage done
Event: 1183.705 loading class sun/security/ssl/SSLEngineOutputRecord
Event: 1183.706 loading class sun/security/ssl/SSLEngineOutputRecord done
Event: 1183.709 loading class sun/security/ssl/SSLEngineOutputRecord$HandshakeFragment
Event: 1183.710 loading class sun/security/ssl/SSLEngineOutputRecord$HandshakeFragment done
Event: 1183.710 loading class sun/security/ssl/SSLEngineOutputRecord$HandshakeMemo
Event: 1183.711 loading class sun/security/ssl/SSLEngineOutputRecord$RecordMemo
Event: 1183.711 loading class sun/security/ssl/SSLEngineOutputRecord$RecordMemo done
Event: 1183.711 loading class sun/security/ssl/SSLEngineOutputRecord$HandshakeMemo done
Event: 1184.575 loading class com/sun/crypto/provider/HmacSHA1
Event: 1184.576 loading class com/sun/crypto/provider/HmacSHA1 done
Event: 1184.902 loading class java/util/UUID$Holder
Event: 1184.902 loading class java/util/UUID$Holder done
Event: 1185.336 loading class java/util/stream/LongStream
Event: 1185.337 loading class java/util/stream/LongStream done
Event: 1185.337 loading class java/util/stream/DoubleStream
Event: 1185.337 loading class java/util/stream/DoubleStream done
Event: 1185.343 loading class jdk/internal/ValueBased
Event: 1185.344 loading class jdk/internal/ValueBased done


Dynamic libraries:
0x00007ff605e90000 - 0x00007ff605e9d000 	C:\Program Files\Amazon Corretto\jdk17.0.8_7\bin\java.exe
0x00007ff9b20d0000 - 0x00007ff9b22e4000 	C:\WINDOWS\SYSTEM32\ntdll.dll
0x00007ff9b0c10000 - 0x00007ff9b0cd4000 	C:\WINDOWS\System32\KERNEL32.DLL
0x00007ff9afab0000 - 0x00007ff9afe54000 	C:\WINDOWS\System32\KERNELBASE.dll
0x00007ff9af4f0000 - 0x00007ff9af601000 	C:\WINDOWS\System32\ucrtbase.dll
0x00007ff98f3d0000 - 0x00007ff98f3e7000 	C:\Program Files\Amazon Corretto\jdk17.0.8_7\bin\jli.dll
0x00007ff98e190000 - 0x00007ff98e1a5000 	C:\Program Files\Amazon Corretto\jdk17.0.8_7\bin\VCRUNTIME140.dll
0x00007ff9afe60000 - 0x00007ff9b000e000 	C:\WINDOWS\System32\USER32.dll
0x00007ff995980000 - 0x00007ff995c13000 	C:\WINDOWS\WinSxS\amd64_microsoft.windows.common-controls_6595b64144ccf1df_6.0.22621.2215_none_270d72677387dfc3\COMCTL32.dll
0x00007ff9afa80000 - 0x00007ff9afaa6000 	C:\WINDOWS\System32\win32u.dll
0x00007ff9b1b40000 - 0x00007ff9b1be7000 	C:\WINDOWS\System32\msvcrt.dll
0x00007ff9b0650000 - 0x00007ff9b0679000 	C:\WINDOWS\System32\GDI32.dll
0x00007ff9af730000 - 0x00007ff9af848000 	C:\WINDOWS\System32\gdi32full.dll
0x00007ff9af690000 - 0x00007ff9af72a000 	C:\WINDOWS\System32\msvcp_win.dll
0x00007ff9b0010000 - 0x00007ff9b0041000 	C:\WINDOWS\System32\IMM32.DLL
0x00007ff979990000 - 0x00007ff979a2b000 	C:\Program Files\Amazon Corretto\jdk17.0.8_7\bin\msvcp140.dll
0x00007ff910130000 - 0x00007ff910d4d000 	C:\Program Files\Amazon Corretto\jdk17.0.8_7\bin\server\jvm.dll
0x00007ff9b1e40000 - 0x00007ff9b1ef0000 	C:\WINDOWS\System32\ADVAPI32.dll
0x00007ff9b0af0000 - 0x00007ff9b0b96000 	C:\WINDOWS\System32\sechost.dll
0x00007ff9b19c0000 - 0x00007ff9b1ad7000 	C:\WINDOWS\System32\RPCRT4.dll
0x00007ff9a0af0000 - 0x00007ff9a0af9000 	C:\WINDOWS\SYSTEM32\WSOCK32.dll
0x00007ff9a8fa0000 - 0x00007ff9a8fd4000 	C:\WINDOWS\SYSTEM32\WINMM.dll
0x00007ff9b1bf0000 - 0x00007ff9b1c61000 	C:\WINDOWS\System32\WS2_32.dll
0x00007ff9a46a0000 - 0x00007ff9a46aa000 	C:\WINDOWS\SYSTEM32\VERSION.dll
0x00007ff9af350000 - 0x00007ff9af39d000 	C:\WINDOWS\SYSTEM32\POWRPROF.dll
0x00007ff9af330000 - 0x00007ff9af343000 	C:\WINDOWS\SYSTEM32\UMPDC.dll
0x00007ff9ae4a0000 - 0x00007ff9ae4b8000 	C:\WINDOWS\SYSTEM32\kernel.appcore.dll
0x00007ff998480000 - 0x00007ff99848a000 	C:\Program Files\Amazon Corretto\jdk17.0.8_7\bin\jimage.dll
0x00007ff9a7770000 - 0x00007ff9a799e000 	C:\WINDOWS\SYSTEM32\DBGHELP.DLL
0x00007ff9b0760000 - 0x00007ff9b0aea000 	C:\WINDOWS\System32\combase.dll
0x00007ff9b1010000 - 0x00007ff9b10e7000 	C:\WINDOWS\System32\OLEAUT32.dll
0x00007ff9a59a0000 - 0x00007ff9a59d2000 	C:\WINDOWS\SYSTEM32\dbgcore.DLL
0x00007ff9af610000 - 0x00007ff9af68a000 	C:\WINDOWS\System32\bcryptPrimitives.dll
0x00007ff9a8db0000 - 0x00007ff9a8dbe000 	C:\Program Files\Amazon Corretto\jdk17.0.8_7\bin\instrument.dll
0x00007ff98bfb0000 - 0x00007ff98bfd5000 	C:\Program Files\Amazon Corretto\jdk17.0.8_7\bin\java.dll
0x00007ff964ff0000 - 0x00007ff9650c6000 	C:\Program Files\Amazon Corretto\jdk17.0.8_7\bin\jsvml.dll
0x00007ff9b1170000 - 0x00007ff9b1993000 	C:\WINDOWS\System32\SHELL32.dll
0x00007ff9ad3c0000 - 0x00007ff9adcaa000 	C:\WINDOWS\SYSTEM32\windows.storage.dll
0x00007ff9ad280000 - 0x00007ff9ad3be000 	C:\WINDOWS\SYSTEM32\wintypes.dll
0x00007ff9b1d40000 - 0x00007ff9b1e33000 	C:\WINDOWS\System32\SHCORE.dll
0x00007ff9b1ae0000 - 0x00007ff9b1b3e000 	C:\WINDOWS\System32\shlwapi.dll
0x00007ff9af3b0000 - 0x00007ff9af3d6000 	C:\WINDOWS\SYSTEM32\profapi.dll
0x00007ff98b240000 - 0x00007ff98b258000 	C:\Program Files\Amazon Corretto\jdk17.0.8_7\bin\zip.dll
0x00007ff98e170000 - 0x00007ff98e189000 	C:\Program Files\Amazon Corretto\jdk17.0.8_7\bin\net.dll
0x00007ff9a8880000 - 0x00007ff9a89b7000 	C:\WINDOWS\SYSTEM32\WINHTTP.dll
0x00007ff9ae950000 - 0x00007ff9ae9b9000 	C:\WINDOWS\system32\mswsock.dll
0x00007ff98de70000 - 0x00007ff98de85000 	C:\Program Files\Amazon Corretto\jdk17.0.8_7\bin\nio.dll
0x00007ff9a8d30000 - 0x00007ff9a8d4a000 	C:\Program Files\JetBrains\IntelliJ IDEA Community Edition 2023.2\bin\breakgen64.dll
0x00007ff9a8d90000 - 0x00007ff9a8d99000 	C:\Program Files\Amazon Corretto\jdk17.0.8_7\bin\management.dll
0x00007ff9a8d80000 - 0x00007ff9a8d8b000 	C:\Program Files\Amazon Corretto\jdk17.0.8_7\bin\management_ext.dll
0x00007ff9b1000000 - 0x00007ff9b1008000 	C:\WINDOWS\System32\PSAPI.DLL
0x00007ff9adf50000 - 0x00007ff9adf7d000 	C:\WINDOWS\SYSTEM32\IPHLPAPI.DLL
0x00007ff9b0c00000 - 0x00007ff9b0c09000 	C:\WINDOWS\System32\NSI.dll
0x00007ff9a87a0000 - 0x00007ff9a87b9000 	C:\WINDOWS\SYSTEM32\dhcpcsvc6.DLL
0x00007ff9a8780000 - 0x00007ff9a879f000 	C:\WINDOWS\SYSTEM32\dhcpcsvc.DLL
0x00007ff9adf80000 - 0x00007ff9ae072000 	C:\WINDOWS\SYSTEM32\DNSAPI.dll
0x00007ff99f730000 - 0x00007ff99f73a000 	C:\Windows\System32\rasadhlp.dll
0x00007ff9a7250000 - 0x00007ff9a72d4000 	C:\WINDOWS\System32\fwpuclnt.dll
0x00007ff9aebb0000 - 0x00007ff9aebcb000 	C:\WINDOWS\SYSTEM32\CRYPTSP.dll
0x00007ff9ae410000 - 0x00007ff9ae445000 	C:\WINDOWS\system32\rsaenh.dll
0x00007ff9aea40000 - 0x00007ff9aea6c000 	C:\WINDOWS\SYSTEM32\USERENV.dll
0x00007ff9aed60000 - 0x00007ff9aed88000 	C:\WINDOWS\SYSTEM32\bcrypt.dll
0x00007ff9aeba0000 - 0x00007ff9aebac000 	C:\WINDOWS\SYSTEM32\CRYPTBASE.dll
0x00007ff9a10f0000 - 0x00007ff9a10fe000 	C:\Program Files\Amazon Corretto\jdk17.0.8_7\bin\sunmscapi.dll
0x00007ff9af850000 - 0x00007ff9af9b6000 	C:\WINDOWS\System32\CRYPT32.dll
0x00007ff9aed30000 - 0x00007ff9aed5e000 	C:\WINDOWS\SYSTEM32\ncrypt.dll
0x00007ff9aecf0000 - 0x00007ff9aed27000 	C:\WINDOWS\SYSTEM32\NTASN1.dll
0x00007ff9a0b80000 - 0x00007ff9a0b90000 	C:\Program Files\Amazon Corretto\jdk17.0.8_7\bin\verify.dll
0x00007ff9576f0000 - 0x00007ff9576f8000 	C:\WINDOWS\system32\wshunix.dll

dbghelp: loaded successfully - version: 4.0.5 - missing functions: none
symbol engine: initialized successfully - sym options: 0x614 - pdb path: .;C:\Program Files\Amazon Corretto\jdk17.0.8_7\bin;C:\WINDOWS\SYSTEM32;C:\WINDOWS\WinSxS\amd64_microsoft.windows.common-controls_6595b64144ccf1df_6.0.22621.2215_none_270d72677387dfc3;C:\Program Files\Amazon Corretto\jdk17.0.8_7\bin\server;C:\Program Files\JetBrains\IntelliJ IDEA Community Edition 2023.2\bin

VM Arguments:
jvm_args: -javaagent:C:\Program Files\JetBrains\IntelliJ IDEA Community Edition 2023.2\lib\idea_rt.jar=57285:C:\Program Files\JetBrains\IntelliJ IDEA Community Edition 2023.2\bin -Dfile.encoding=UTF-8 
java_command: com.Capstone.Insurance.InsuranceApplication
java_class_path (initial): D:\CashwaveBackend\Insurance\target\classes;C:\Users\Nithin's PC\.m2\repository\org\springframework\boot\spring-boot-starter-data-mongodb\3.1.4\spring-boot-starter-data-mongodb-3.1.4.jar;C:\Users\Nithin's PC\.m2\repository\org\springframework\boot\spring-boot-starter\3.1.4\spring-boot-starter-3.1.4.jar;C:\Users\Nithin's PC\.m2\repository\org\springframework\boot\spring-boot-starter-logging\3.1.4\spring-boot-starter-logging-3.1.4.jar;C:\Users\Nithin's PC\.m2\repository\ch\qos\logback\logback-classic\1.4.11\logback-classic-1.4.11.jar;C:\Users\Nithin's PC\.m2\repository\ch\qos\logback\logback-core\1.4.11\logback-core-1.4.11.jar;C:\Users\Nithin's PC\.m2\repository\org\apache\logging\log4j\log4j-to-slf4j\2.20.0\log4j-to-slf4j-2.20.0.jar;C:\Users\Nithin's PC\.m2\repository\org\apache\logging\log4j\log4j-api\2.20.0\log4j-api-2.20.0.jar;C:\Users\Nithin's PC\.m2\repository\org\slf4j\jul-to-slf4j\2.0.9\jul-to-slf4j-2.0.9.jar;C:\Users\Nithin's PC\.m2\repository\jakarta\annotation\jakarta.annotation-api\2.1.1\jakarta.annotation-api-2.1.1.jar;C:\Users\Nithin's PC\.m2\repository\org\yaml\snakeyaml\1.33\snakeyaml-1.33.jar;C:\Users\Nithin's PC\.m2\repository\org\mongodb\mongodb-driver-sync\4.9.1\mongodb-driver-sync-4.9.1.jar;C:\Users\Nithin's PC\.m2\repository\org\mongodb\bson\4.9.1\bson-4.9.1.jar;C:\Users\Nithin's PC\.m2\repository\org\mongodb\mongodb-driver-core\4.9.1\mongodb-driver-core-4.9.1.jar;C:\Users\Nithin's PC\.m2\repository\org\mongodb\bson-record-codec\4.9.1\bson-record-codec-4.9.1.jar;C:\Users\Nithin's PC\.m2\repository\org\springframework\data\spring-data-mongodb\4.1.4\spring-data-mongodb-4.1.4.jar;C:\Users\Nithin's PC\.m2\repository\org\springframework\spring-tx\6.0.12\spring-tx-6.0.12.jar;C:\Users\Nithin's PC\.m2\repository\org\springframework\spring-context\6.0.12\spring-context-6.0.12.jar;C:\Users\Nithin's PC\.m2\repository\org\springframework\spring-beans\6.0.12\spring-beans-6.0.12.jar;C:\Users\Nithin's PC\.m2\repository\org\springfra
Launcher Type: SUN_STANDARD

[Global flags]
     intx CICompilerCount                          = 4                                         {product} {ergonomic}
     uint ConcGCThreads                            = 2                                         {product} {ergonomic}
     uint G1ConcRefinementThreads                  = 8                                         {product} {ergonomic}
   size_t G1HeapRegionSize                         = 1048576                                   {product} {ergonomic}
    uintx GCDrainStackTargetSize                   = 64                                        {product} {ergonomic}
   size_t InitialHeapSize                          = 100663296                                 {product} {ergonomic}
   size_t MarkStackSize                            = 4194304                                   {product} {ergonomic}
   size_t MaxHeapSize                              = 1581252608                                {product} {ergonomic}
   size_t MaxNewSize                               = 947912704                                 {product} {ergonomic}
   size_t MinHeapDeltaBytes                        = 1048576                                   {product} {ergonomic}
   size_t MinHeapSize                              = 8388608                                   {product} {ergonomic}
    uintx NonNMethodCodeHeapSize                   = 5839372                                {pd product} {ergonomic}
    uintx NonProfiledCodeHeapSize                  = 122909434                              {pd product} {ergonomic}
    uintx ProfiledCodeHeapSize                     = 122909434                              {pd product} {ergonomic}
    uintx ReservedCodeCacheSize                    = 251658240                              {pd product} {ergonomic}
     bool SegmentedCodeCache                       = true                                      {product} {ergonomic}
   size_t SoftMaxHeapSize                          = 1581252608                             {manageable} {ergonomic}
     bool UseCompressedClassPointers               = true                           {product lp64_product} {ergonomic}
     bool UseCompressedOops                        = true                           {product lp64_product} {ergonomic}
     bool UseG1GC                                  = true                                      {product} {ergonomic}
     bool UseLargePagesIndividualAllocation        = false                                  {pd product} {ergonomic}

Logging:
Log output configuration:
 #0: stdout all=warning uptime,level,tags
 #1: stderr all=off uptime,level,tags

Environment Variables:
JAVA_HOME=C:\Program Files\Amazon Corretto\jdk17.0.8_7
CLASSPATH=C:\JAVA\jre\lib\ext\mysql-connector-java-8.0.22.jar;.;
PATH=C:\Program Files\Amazon Corretto\jdk17.0.8_7\bin;C:\Java\jdk1.8.0_301\bin;C:\Hadoop\hadoop-3.3.2\bin;C:\Program Files (x86)\Common Files\Oracle\Java\javapath;C:\WINDOWS\system32;C:\WINDOWS;C:\WINDOWS\System32\Wbem;C:\WINDOWS\System32\WindowsPowerShell\v1.0\;C:\WINDOWS\System32\OpenSSH\;C:\Program Files\Git\cmd;C:\Program Files\nodejs\;C:\Program Files\dotnet\;D:\Anaconda\Library\bin\graphviz;C:\mingw64\bin;C:\mingw64\x86_64-w64-mingw32\bin;;C:\Program Files\Docker\Docker\resources\bin;C:\Program Files\MySQL\MySQL Shell 8.0\bin\;C:\Users\Nithin's PC\AppData\Local\Programs\Python\Python310\Scripts\;C:\Users\Nithin's PC\AppData\Local\Programs\Python\Python310\;C:\Users\Nithin's PC\AppData\Local\Microsoft\WindowsApps;C:\Users\Nithin's PC\AppData\Local\Programs\Microsoft VS Code\bin;C:\Users\Nithin's PC\AppData\Roaming\npm;D:\Anaconda\lib\site-packages\pydotplus\graphviz.py;C:\Program Files\JetBrains\IntelliJ IDEA Community Edition 2023.2\bin;;C:\Users\Nithin's PC\jdk-17\bin;
USERNAME=Nithin's PC
OS=Windows_NT
PROCESSOR_IDENTIFIER=AMD64 Family 23 Model 24 Stepping 1, AuthenticAMD
TMP=C:\Users\NITHIN~1\AppData\Local\Temp
TEMP=C:\Users\NITHIN~1\AppData\Local\Temp



---------------  S Y S T E M  ---------------

OS:
 Windows 11 , 64 bit Build 22621 (10.0.22621.2215)
OS uptime: 8 days 1:05 hours
Hyper-V role detected

CPU: total 8 (initial active 8) (8 cores per cpu, 2 threads per core) family 23 model 24 stepping 1 microcode 0x0, cx8, cmov, fxsr, ht, mmx, 3dnowpref, sse, sse2, sse3, ssse3, sse4a, sse4.1, sse4.2, popcnt, lzcnt, tsc, tscinvbit, avx, avx2, aes, clmul, bmi1, bmi2, adx, sha, fma, vzeroupper, clflush, clflushopt, hv
Processor Information for all 8 processors :
  Max Mhz: 2100, Current Mhz: 2100, Mhz Limit: 2100

Memory: 4k page, system-wide physical 6030M (175M free)
TotalPageFile size 24462M (AvailPageFile size 0M)
current process WorkingSet (physical memory assigned to process): 41M, peak: 264M
current process commit charge ("private bytes"): 287M, peak: 325M

vm_info: OpenJDK 64-Bit Server VM (17.0.8+7-LTS) for windows-amd64 JRE (17.0.8+7-LTS), built on Jul 10 2023 20:26:03 by "Administrator" with MS VC++ 15.9 (VS2017)

END.
