#
# There is insufficient memory for the Java Runtime Environment to continue.
# Native memory allocation (malloc) failed to allocate 325296 bytes for Chunk::new
# Possible reasons:
#   The system is out of physical RAM or swap space
#   The process is running with CompressedOops enabled, and the Java Heap may be blocking the growth of the native heap
# Possible solutions:
#   Reduce memory load on the system
#   Increase physical memory or swap space
#   Check if swap backing store is full
#   Decrease Java heap size (-Xmx/-Xms)
#   Decrease number of Java threads
#   Decrease Java thread stack sizes (-Xss)
#   Set larger code cache with -XX:ReservedCodeCacheSize=
#   JVM is running with Unscaled Compressed Oops mode in which the Java heap is
#     placed in the first 4GB address space. The Java Heap base address is the
#     maximum limit for the native heap growth. Please use -XX:HeapBaseMinAddress
#     to set the Java Heap base and to place the Java Heap above 4GB virtual address.
# This output file may be truncated or incomplete.
#
#  Out of Memory Error (arena.cpp:189), pid=31684, tid=7948
#
# JRE version: OpenJDK Runtime Environment Corretto-17.0.8.7.1 (17.0.8+7) (build 17.0.8+7-LTS)
# Java VM: OpenJDK 64-Bit Server VM Corretto-17.0.8.7.1 (17.0.8+7-LTS, mixed mode, sharing, tiered, compressed oops, compressed class ptrs, g1 gc, windows-amd64)
# No core dump will be written. Minidumps are not enabled by default on client versions of Windows
#

---------------  S U M M A R Y ------------

Command Line: -javaagent:C:\Program Files\JetBrains\IntelliJ IDEA Community Edition 2023.2\lib\idea_rt.jar=59317:C:\Program Files\JetBrains\IntelliJ IDEA Community Edition 2023.2\bin -Dfile.encoding=UTF-8 com.natwest.cashwave.apigateway.ApiGatewayApplication

Host: AMD Ryzen 5 3450U with Radeon Vega Mobile Gfx  , 8 cores, 5G,  Windows 11 , 64 bit Build 22621 (10.0.22621.2215)
Time: Sun Oct  8 01:41:59 2023 India Standard Time elapsed time: 1.305665 seconds (0d 0h 0m 1s)

---------------  T H R E A D  ---------------

Current thread (0x000001f37f136800):  JavaThread "C2 CompilerThread0" daemon [_thread_in_native, id=7948, stack(0x000000d4c2800000,0x000000d4c2900000)]


Current CompileTask:
C2:   1305  524       4       java.util.jar.JarFile::getEntry (35 bytes)

Stack: [0x000000d4c2800000,0x000000d4c2900000]
Native frames: (J=compiled Java code, j=interpreted, Vv=VM code, C=native code)
V  [jvm.dll+0x64c9da]
V  [jvm.dll+0x800834]
V  [jvm.dll+0x801fee]
V  [jvm.dll+0x802643]
V  [jvm.dll+0x23715b]
V  [jvm.dll+0xbd5ac]
V  [jvm.dll+0xbdb8c]
V  [jvm.dll+0x351872]
V  [jvm.dll+0x31be9f]
V  [jvm.dll+0x31b2da]
V  [jvm.dll+0x20b045]
V  [jvm.dll+0x20a5d7]
V  [jvm.dll+0x19a74d]
V  [jvm.dll+0x219b5d]
V  [jvm.dll+0x217cbb]
V  [jvm.dll+0x7b94bb]
V  [jvm.dll+0x7b392a]
V  [jvm.dll+0x64b845]
C  [ucrtbase.dll+0x29363]
C  [KERNEL32.DLL+0x1257d]
C  [ntdll.dll+0x5aa68]


---------------  P R O C E S S  ---------------

Threads class SMR info:
_java_thread_list=0x000001f35c1cebb0, length=13, elements={
0x000001f378b314d0, 0x000001f37f11d770, 0x000001f37f11e5f0, 0x000001f37f12eed0,
0x000001f37f12fa90, 0x000001f37f132460, 0x000001f37f134e30, 0x000001f37f136800,
0x000001f37f145a40, 0x000001f37f149870, 0x000001f316be5630, 0x000001f35c261f60,
0x000001f35c122e40
}

Java Threads: ( => current thread )
  0x000001f378b314d0 JavaThread "main" [_thread_in_vm, id=33572, stack(0x000000d4c1b00000,0x000000d4c1c00000)]
  0x000001f37f11d770 JavaThread "Reference Handler" daemon [_thread_blocked, id=23056, stack(0x000000d4c2200000,0x000000d4c2300000)]
  0x000001f37f11e5f0 JavaThread "Finalizer" daemon [_thread_blocked, id=24948, stack(0x000000d4c2300000,0x000000d4c2400000)]
  0x000001f37f12eed0 JavaThread "Signal Dispatcher" daemon [_thread_blocked, id=18688, stack(0x000000d4c2400000,0x000000d4c2500000)]
  0x000001f37f12fa90 JavaThread "Attach Listener" daemon [_thread_blocked, id=13804, stack(0x000000d4c2500000,0x000000d4c2600000)]
  0x000001f37f132460 JavaThread "Service Thread" daemon [_thread_blocked, id=38624, stack(0x000000d4c2600000,0x000000d4c2700000)]
  0x000001f37f134e30 JavaThread "Monitor Deflation Thread" daemon [_thread_blocked, id=29540, stack(0x000000d4c2700000,0x000000d4c2800000)]
=>0x000001f37f136800 JavaThread "C2 CompilerThread0" daemon [_thread_in_native, id=7948, stack(0x000000d4c2800000,0x000000d4c2900000)]
  0x000001f37f145a40 JavaThread "C1 CompilerThread0" daemon [_thread_blocked, id=23388, stack(0x000000d4c2900000,0x000000d4c2a00000)]
  0x000001f37f149870 JavaThread "Sweeper thread" daemon [_thread_blocked, id=23096, stack(0x000000d4c2a00000,0x000000d4c2b00000)]
  0x000001f316be5630 JavaThread "Common-Cleaner" daemon [_thread_blocked, id=10544, stack(0x000000d4c2b00000,0x000000d4c2c00000)]
  0x000001f35c261f60 JavaThread "Monitor Ctrl-Break" daemon [_thread_in_native, id=5500, stack(0x000000d4c2c00000,0x000000d4c2d00000)]
  0x000001f35c122e40 JavaThread "Notification Thread" daemon [_thread_blocked, id=32788, stack(0x000000d4c2d00000,0x000000d4c2e00000)]

Other Threads:
  0x000001f37f11a860 VMThread "VM Thread" [stack: 0x000000d4c2100000,0x000000d4c2200000] [id=17040]
  0x000001f378ba4b20 WatcherThread [stack: 0x000000d4c2e00000,0x000000d4c2f00000] [id=6176]
  0x000001f378b7ee80 GCTaskThread "GC Thread#0" [stack: 0x000000d4c1c00000,0x000000d4c1d00000] [id=15068]
  0x000001f378b8ba50 ConcurrentGCThread "G1 Main Marker" [stack: 0x000000d4c1d00000,0x000000d4c1e00000] [id=17008]
  0x000001f378b8c460 ConcurrentGCThread "G1 Conc#0" [stack: 0x000000d4c1e00000,0x000000d4c1f00000] [id=19104]
  0x000001f378bdd8b0 ConcurrentGCThread "G1 Refine#0" [stack: 0x000000d4c1f00000,0x000000d4c2000000] [id=32396]
  0x000001f378bde2e0 ConcurrentGCThread "G1 Service" [stack: 0x000000d4c2000000,0x000000d4c2100000] [id=35920]

Threads with active compile tasks:
C2 CompilerThread0     1327  524       4       java.util.jar.JarFile::getEntry (35 bytes)

VM state: not at safepoint (normal execution)

VM Mutex/Monitor currently owned by a thread:  ([mutex/lock_event])
[0x000001f376a55d50] Metaspace_lock - owner thread: 0x000001f378b314d0

Heap address: 0x00000000a1c00000, size: 1508 MB, Compressed Oops mode: 32-bit

CDS archive(s) mapped at: [0x000001f317000000-0x000001f317bd0000-0x000001f317bd0000), size 12386304, SharedBaseAddress: 0x000001f317000000, ArchiveRelocationMode: 1.
Compressed class space mapped at: 0x000001f318000000-0x000001f358000000, reserved size: 1073741824
Narrow klass base: 0x000001f317000000, Narrow klass shift: 0, Narrow klass range: 0x100000000

GC Precious Log:
 CPUs: 8 total, 8 available
 Memory: 6030M
 Large Page Support: Disabled
 NUMA Support: Disabled
 Compressed Oops: Enabled (32-bit)
 Heap Region Size: 1M
 Heap Min Capacity: 8M
 Heap Initial Capacity: 96M
 Heap Max Capacity: 1508M
 Pre-touch: Disabled
 Parallel Workers: 8
 Concurrent Workers: 2
 Concurrent Refinement Workers: 8
 Periodic GC: Disabled

Heap:
 garbage-first heap   total 98304K, used 12288K [0x00000000a1c00000, 0x0000000100000000)
  region size 1024K, 12 young (12288K), 0 survivors (0K)
 Metaspace       used 1685K, committed 1856K, reserved 1114112K
  class space    used 132K, committed 256K, reserved 1048576K

Heap Regions: E=young(eden), S=young(survivor), O=old, HS=humongous(starts), HC=humongous(continues), CS=collection set, F=free, OA=open archive, CA=closed archive, TAMS=top-at-mark-start (previous, next)
|   0|0x00000000a1c00000, 0x00000000a1d00000, 0x00000000a1d00000|100%|HS|  |TAMS 0x00000000a1c00000, 0x00000000a1c00000| Complete 
|   1|0x00000000a1d00000, 0x00000000a1e00000, 0x00000000a1e00000|100%|HS|  |TAMS 0x00000000a1d00000, 0x00000000a1d00000| Complete 
|   2|0x00000000a1e00000, 0x00000000a1e00000, 0x00000000a1f00000|  0%| F|  |TAMS 0x00000000a1e00000, 0x00000000a1e00000| Untracked 
|   3|0x00000000a1f00000, 0x00000000a1f00000, 0x00000000a2000000|  0%| F|  |TAMS 0x00000000a1f00000, 0x00000000a1f00000| Untracked 
|   4|0x00000000a2000000, 0x00000000a2000000, 0x00000000a2100000|  0%| F|  |TAMS 0x00000000a2000000, 0x00000000a2000000| Untracked 
|   5|0x00000000a2100000, 0x00000000a2100000, 0x00000000a2200000|  0%| F|  |TAMS 0x00000000a2100000, 0x00000000a2100000| Untracked 
|   6|0x00000000a2200000, 0x00000000a2200000, 0x00000000a2300000|  0%| F|  |TAMS 0x00000000a2200000, 0x00000000a2200000| Untracked 
|   7|0x00000000a2300000, 0x00000000a2300000, 0x00000000a2400000|  0%| F|  |TAMS 0x00000000a2300000, 0x00000000a2300000| Untracked 
|   8|0x00000000a2400000, 0x00000000a2400000, 0x00000000a2500000|  0%| F|  |TAMS 0x00000000a2400000, 0x00000000a2400000| Untracked 
|   9|0x00000000a2500000, 0x00000000a2500000, 0x00000000a2600000|  0%| F|  |TAMS 0x00000000a2500000, 0x00000000a2500000| Untracked 
|  10|0x00000000a2600000, 0x00000000a2600000, 0x00000000a2700000|  0%| F|  |TAMS 0x00000000a2600000, 0x00000000a2600000| Untracked 
|  11|0x00000000a2700000, 0x00000000a2700000, 0x00000000a2800000|  0%| F|  |TAMS 0x00000000a2700000, 0x00000000a2700000| Untracked 
|  12|0x00000000a2800000, 0x00000000a2800000, 0x00000000a2900000|  0%| F|  |TAMS 0x00000000a2800000, 0x00000000a2800000| Untracked 
|  13|0x00000000a2900000, 0x00000000a2900000, 0x00000000a2a00000|  0%| F|  |TAMS 0x00000000a2900000, 0x00000000a2900000| Untracked 
|  14|0x00000000a2a00000, 0x00000000a2a00000, 0x00000000a2b00000|  0%| F|  |TAMS 0x00000000a2a00000, 0x00000000a2a00000| Untracked 
|  15|0x00000000a2b00000, 0x00000000a2b00000, 0x00000000a2c00000|  0%| F|  |TAMS 0x00000000a2b00000, 0x00000000a2b00000| Untracked 
|  16|0x00000000a2c00000, 0x00000000a2c00000, 0x00000000a2d00000|  0%| F|  |TAMS 0x00000000a2c00000, 0x00000000a2c00000| Untracked 
|  17|0x00000000a2d00000, 0x00000000a2d00000, 0x00000000a2e00000|  0%| F|  |TAMS 0x00000000a2d00000, 0x00000000a2d00000| Untracked 
|  18|0x00000000a2e00000, 0x00000000a2e00000, 0x00000000a2f00000|  0%| F|  |TAMS 0x00000000a2e00000, 0x00000000a2e00000| Untracked 
|  19|0x00000000a2f00000, 0x00000000a2f00000, 0x00000000a3000000|  0%| F|  |TAMS 0x00000000a2f00000, 0x00000000a2f00000| Untracked 
|  20|0x00000000a3000000, 0x00000000a3000000, 0x00000000a3100000|  0%| F|  |TAMS 0x00000000a3000000, 0x00000000a3000000| Untracked 
|  21|0x00000000a3100000, 0x00000000a3100000, 0x00000000a3200000|  0%| F|  |TAMS 0x00000000a3100000, 0x00000000a3100000| Untracked 
|  22|0x00000000a3200000, 0x00000000a3200000, 0x00000000a3300000|  0%| F|  |TAMS 0x00000000a3200000, 0x00000000a3200000| Untracked 
|  23|0x00000000a3300000, 0x00000000a3300000, 0x00000000a3400000|  0%| F|  |TAMS 0x00000000a3300000, 0x00000000a3300000| Untracked 
|  24|0x00000000a3400000, 0x00000000a3400000, 0x00000000a3500000|  0%| F|  |TAMS 0x00000000a3400000, 0x00000000a3400000| Untracked 
|  25|0x00000000a3500000, 0x00000000a3500000, 0x00000000a3600000|  0%| F|  |TAMS 0x00000000a3500000, 0x00000000a3500000| Untracked 
|  26|0x00000000a3600000, 0x00000000a3600000, 0x00000000a3700000|  0%| F|  |TAMS 0x00000000a3600000, 0x00000000a3600000| Untracked 
|  27|0x00000000a3700000, 0x00000000a3700000, 0x00000000a3800000|  0%| F|  |TAMS 0x00000000a3700000, 0x00000000a3700000| Untracked 
|  28|0x00000000a3800000, 0x00000000a3800000, 0x00000000a3900000|  0%| F|  |TAMS 0x00000000a3800000, 0x00000000a3800000| Untracked 
|  29|0x00000000a3900000, 0x00000000a3900000, 0x00000000a3a00000|  0%| F|  |TAMS 0x00000000a3900000, 0x00000000a3900000| Untracked 
|  30|0x00000000a3a00000, 0x00000000a3a00000, 0x00000000a3b00000|  0%| F|  |TAMS 0x00000000a3a00000, 0x00000000a3a00000| Untracked 
|  31|0x00000000a3b00000, 0x00000000a3b00000, 0x00000000a3c00000|  0%| F|  |TAMS 0x00000000a3b00000, 0x00000000a3b00000| Untracked 
|  32|0x00000000a3c00000, 0x00000000a3c00000, 0x00000000a3d00000|  0%| F|  |TAMS 0x00000000a3c00000, 0x00000000a3c00000| Untracked 
|  33|0x00000000a3d00000, 0x00000000a3d00000, 0x00000000a3e00000|  0%| F|  |TAMS 0x00000000a3d00000, 0x00000000a3d00000| Untracked 
|  34|0x00000000a3e00000, 0x00000000a3e00000, 0x00000000a3f00000|  0%| F|  |TAMS 0x00000000a3e00000, 0x00000000a3e00000| Untracked 
|  35|0x00000000a3f00000, 0x00000000a3f00000, 0x00000000a4000000|  0%| F|  |TAMS 0x00000000a3f00000, 0x00000000a3f00000| Untracked 
|  36|0x00000000a4000000, 0x00000000a4000000, 0x00000000a4100000|  0%| F|  |TAMS 0x00000000a4000000, 0x00000000a4000000| Untracked 
|  37|0x00000000a4100000, 0x00000000a4100000, 0x00000000a4200000|  0%| F|  |TAMS 0x00000000a4100000, 0x00000000a4100000| Untracked 
|  38|0x00000000a4200000, 0x00000000a4200000, 0x00000000a4300000|  0%| F|  |TAMS 0x00000000a4200000, 0x00000000a4200000| Untracked 
|  39|0x00000000a4300000, 0x00000000a4300000, 0x00000000a4400000|  0%| F|  |TAMS 0x00000000a4300000, 0x00000000a4300000| Untracked 
|  40|0x00000000a4400000, 0x00000000a4400000, 0x00000000a4500000|  0%| F|  |TAMS 0x00000000a4400000, 0x00000000a4400000| Untracked 
|  41|0x00000000a4500000, 0x00000000a4500000, 0x00000000a4600000|  0%| F|  |TAMS 0x00000000a4500000, 0x00000000a4500000| Untracked 
|  42|0x00000000a4600000, 0x00000000a4600000, 0x00000000a4700000|  0%| F|  |TAMS 0x00000000a4600000, 0x00000000a4600000| Untracked 
|  43|0x00000000a4700000, 0x00000000a4700000, 0x00000000a4800000|  0%| F|  |TAMS 0x00000000a4700000, 0x00000000a4700000| Untracked 
|  44|0x00000000a4800000, 0x00000000a4800000, 0x00000000a4900000|  0%| F|  |TAMS 0x00000000a4800000, 0x00000000a4800000| Untracked 
|  45|0x00000000a4900000, 0x00000000a4900000, 0x00000000a4a00000|  0%| F|  |TAMS 0x00000000a4900000, 0x00000000a4900000| Untracked 
|  46|0x00000000a4a00000, 0x00000000a4a00000, 0x00000000a4b00000|  0%| F|  |TAMS 0x00000000a4a00000, 0x00000000a4a00000| Untracked 
|  47|0x00000000a4b00000, 0x00000000a4b00000, 0x00000000a4c00000|  0%| F|  |TAMS 0x00000000a4b00000, 0x00000000a4b00000| Untracked 
|  48|0x00000000a4c00000, 0x00000000a4c00000, 0x00000000a4d00000|  0%| F|  |TAMS 0x00000000a4c00000, 0x00000000a4c00000| Untracked 
|  49|0x00000000a4d00000, 0x00000000a4d00000, 0x00000000a4e00000|  0%| F|  |TAMS 0x00000000a4d00000, 0x00000000a4d00000| Untracked 
|  50|0x00000000a4e00000, 0x00000000a4e00000, 0x00000000a4f00000|  0%| F|  |TAMS 0x00000000a4e00000, 0x00000000a4e00000| Untracked 
|  51|0x00000000a4f00000, 0x00000000a4f00000, 0x00000000a5000000|  0%| F|  |TAMS 0x00000000a4f00000, 0x00000000a4f00000| Untracked 
|  52|0x00000000a5000000, 0x00000000a5000000, 0x00000000a5100000|  0%| F|  |TAMS 0x00000000a5000000, 0x00000000a5000000| Untracked 
|  53|0x00000000a5100000, 0x00000000a5100000, 0x00000000a5200000|  0%| F|  |TAMS 0x00000000a5100000, 0x00000000a5100000| Untracked 
|  54|0x00000000a5200000, 0x00000000a5200000, 0x00000000a5300000|  0%| F|  |TAMS 0x00000000a5200000, 0x00000000a5200000| Untracked 
|  55|0x00000000a5300000, 0x00000000a5300000, 0x00000000a5400000|  0%| F|  |TAMS 0x00000000a5300000, 0x00000000a5300000| Untracked 
|  56|0x00000000a5400000, 0x00000000a5400000, 0x00000000a5500000|  0%| F|  |TAMS 0x00000000a5400000, 0x00000000a5400000| Untracked 
|  57|0x00000000a5500000, 0x00000000a5500000, 0x00000000a5600000|  0%| F|  |TAMS 0x00000000a5500000, 0x00000000a5500000| Untracked 
|  58|0x00000000a5600000, 0x00000000a5600000, 0x00000000a5700000|  0%| F|  |TAMS 0x00000000a5600000, 0x00000000a5600000| Untracked 
|  59|0x00000000a5700000, 0x00000000a5700000, 0x00000000a5800000|  0%| F|  |TAMS 0x00000000a5700000, 0x00000000a5700000| Untracked 
|  60|0x00000000a5800000, 0x00000000a5800000, 0x00000000a5900000|  0%| F|  |TAMS 0x00000000a5800000, 0x00000000a5800000| Untracked 
|  61|0x00000000a5900000, 0x00000000a5900000, 0x00000000a5a00000|  0%| F|  |TAMS 0x00000000a5900000, 0x00000000a5900000| Untracked 
|  62|0x00000000a5a00000, 0x00000000a5a00000, 0x00000000a5b00000|  0%| F|  |TAMS 0x00000000a5a00000, 0x00000000a5a00000| Untracked 
|  63|0x00000000a5b00000, 0x00000000a5b00000, 0x00000000a5c00000|  0%| F|  |TAMS 0x00000000a5b00000, 0x00000000a5b00000| Untracked 
|  64|0x00000000a5c00000, 0x00000000a5c00000, 0x00000000a5d00000|  0%| F|  |TAMS 0x00000000a5c00000, 0x00000000a5c00000| Untracked 
|  65|0x00000000a5d00000, 0x00000000a5d00000, 0x00000000a5e00000|  0%| F|  |TAMS 0x00000000a5d00000, 0x00000000a5d00000| Untracked 
|  66|0x00000000a5e00000, 0x00000000a5e00000, 0x00000000a5f00000|  0%| F|  |TAMS 0x00000000a5e00000, 0x00000000a5e00000| Untracked 
|  67|0x00000000a5f00000, 0x00000000a5f00000, 0x00000000a6000000|  0%| F|  |TAMS 0x00000000a5f00000, 0x00000000a5f00000| Untracked 
|  68|0x00000000a6000000, 0x00000000a6000000, 0x00000000a6100000|  0%| F|  |TAMS 0x00000000a6000000, 0x00000000a6000000| Untracked 
|  69|0x00000000a6100000, 0x00000000a6100000, 0x00000000a6200000|  0%| F|  |TAMS 0x00000000a6100000, 0x00000000a6100000| Untracked 
|  70|0x00000000a6200000, 0x00000000a6200000, 0x00000000a6300000|  0%| F|  |TAMS 0x00000000a6200000, 0x00000000a6200000| Untracked 
|  71|0x00000000a6300000, 0x00000000a6300000, 0x00000000a6400000|  0%| F|  |TAMS 0x00000000a6300000, 0x00000000a6300000| Untracked 
|  72|0x00000000a6400000, 0x00000000a6400000, 0x00000000a6500000|  0%| F|  |TAMS 0x00000000a6400000, 0x00000000a6400000| Untracked 
|  73|0x00000000a6500000, 0x00000000a6500000, 0x00000000a6600000|  0%| F|  |TAMS 0x00000000a6500000, 0x00000000a6500000| Untracked 
|  74|0x00000000a6600000, 0x00000000a6600000, 0x00000000a6700000|  0%| F|  |TAMS 0x00000000a6600000, 0x00000000a6600000| Untracked 
|  75|0x00000000a6700000, 0x00000000a6700000, 0x00000000a6800000|  0%| F|  |TAMS 0x00000000a6700000, 0x00000000a6700000| Untracked 
|  76|0x00000000a6800000, 0x00000000a6800000, 0x00000000a6900000|  0%| F|  |TAMS 0x00000000a6800000, 0x00000000a6800000| Untracked 
|  77|0x00000000a6900000, 0x00000000a6900000, 0x00000000a6a00000|  0%| F|  |TAMS 0x00000000a6900000, 0x00000000a6900000| Untracked 
|  78|0x00000000a6a00000, 0x00000000a6a00000, 0x00000000a6b00000|  0%| F|  |TAMS 0x00000000a6a00000, 0x00000000a6a00000| Untracked 
|  79|0x00000000a6b00000, 0x00000000a6b00000, 0x00000000a6c00000|  0%| F|  |TAMS 0x00000000a6b00000, 0x00000000a6b00000| Untracked 
|  80|0x00000000a6c00000, 0x00000000a6c00000, 0x00000000a6d00000|  0%| F|  |TAMS 0x00000000a6c00000, 0x00000000a6c00000| Untracked 
|  81|0x00000000a6d00000, 0x00000000a6d00000, 0x00000000a6e00000|  0%| F|  |TAMS 0x00000000a6d00000, 0x00000000a6d00000| Untracked 
|  82|0x00000000a6e00000, 0x00000000a6e00000, 0x00000000a6f00000|  0%| F|  |TAMS 0x00000000a6e00000, 0x00000000a6e00000| Untracked 
|  83|0x00000000a6f00000, 0x00000000a6f00000, 0x00000000a7000000|  0%| F|  |TAMS 0x00000000a6f00000, 0x00000000a6f00000| Untracked 
|  84|0x00000000a7000000, 0x00000000a70ec168, 0x00000000a7100000| 92%| E|  |TAMS 0x00000000a7000000, 0x00000000a7000000| Complete 
|  85|0x00000000a7100000, 0x00000000a7200000, 0x00000000a7200000|100%| E|CS|TAMS 0x00000000a7100000, 0x00000000a7100000| Complete 
|  86|0x00000000a7200000, 0x00000000a7300000, 0x00000000a7300000|100%| E|CS|TAMS 0x00000000a7200000, 0x00000000a7200000| Complete 
|  87|0x00000000a7300000, 0x00000000a7400000, 0x00000000a7400000|100%| E|CS|TAMS 0x00000000a7300000, 0x00000000a7300000| Complete 
|  88|0x00000000a7400000, 0x00000000a7500000, 0x00000000a7500000|100%| E|  |TAMS 0x00000000a7400000, 0x00000000a7400000| Complete 
|  89|0x00000000a7500000, 0x00000000a7600000, 0x00000000a7600000|100%| E|CS|TAMS 0x00000000a7500000, 0x00000000a7500000| Complete 
|  90|0x00000000a7600000, 0x00000000a7700000, 0x00000000a7700000|100%| E|CS|TAMS 0x00000000a7600000, 0x00000000a7600000| Complete 
|  91|0x00000000a7700000, 0x00000000a7800000, 0x00000000a7800000|100%| E|CS|TAMS 0x00000000a7700000, 0x00000000a7700000| Complete 
|  92|0x00000000a7800000, 0x00000000a7900000, 0x00000000a7900000|100%| E|CS|TAMS 0x00000000a7800000, 0x00000000a7800000| Complete 
|  93|0x00000000a7900000, 0x00000000a7a00000, 0x00000000a7a00000|100%| E|CS|TAMS 0x00000000a7900000, 0x00000000a7900000| Complete 
|  94|0x00000000a7a00000, 0x00000000a7b00000, 0x00000000a7b00000|100%| E|CS|TAMS 0x00000000a7a00000, 0x00000000a7a00000| Complete 
|  95|0x00000000a7b00000, 0x00000000a7c00000, 0x00000000a7c00000|100%| E|CS|TAMS 0x00000000a7b00000, 0x00000000a7b00000| Complete 

Card table byte_map: [0x000001f379210000,0x000001f379510000] _byte_map_base: 0x000001f378d02000

Marking Bits (Prev, Next): (CMBitMap*) 0x000001f378b7f4a0, (CMBitMap*) 0x000001f378b7f4e0
 Prev Bits: [0x000001f379810000, 0x000001f37afa0000)
 Next Bits: [0x000001f37afa0000, 0x000001f37c730000)

Polling page: 0x000001f3782e0000

Metaspace:

Usage:
  Non-class:      1.52 MB used.
      Class:    132.61 KB used.
       Both:      1.65 MB used.

Virtual space:
  Non-class space:       64.00 MB reserved,       1.56 MB (  2%) committed,  1 nodes.
      Class space:        1.00 GB reserved,     256.00 KB ( <1%) committed,  1 nodes.
             Both:        1.06 GB reserved,       1.81 MB ( <1%) committed. 

Chunk freelists:
   Non-Class:  11.48 MB
       Class:  15.69 MB
        Both:  27.17 MB

MaxMetaspaceSize: unlimited
CompressedClassSpaceSize: 1.00 GB
Initial GC threshold: 21.00 MB
Current GC threshold: 21.00 MB
CDS: on
MetaspaceReclaimPolicy: balanced
 - commit_granule_bytes: 65536.
 - commit_granule_words: 8192.
 - virtual_space_node_default_size: 8388608.
 - enlarge_chunks_in_place: 1.
 - new_chunks_are_fully_committed: 0.
 - uncommit_free_chunks: 1.
 - use_allocation_guard: 0.
 - handle_deallocations: 1.


Internal statistics:

num_allocs_failed_limit: 0.
num_arena_births: 12.
num_arena_deaths: 0.
num_vsnodes_births: 2.
num_vsnodes_deaths: 0.
num_space_committed: 29.
num_space_uncommitted: 0.
num_chunks_returned_to_freelist: 0.
num_chunks_taken_from_freelist: 47.
num_chunk_merges: 0.
num_chunk_splits: 27.
num_chunks_enlarged: 19.
num_inconsistent_stats: 0.

CodeHeap 'non-profiled nmethods': size=120000Kb used=175Kb max_used=175Kb free=119825Kb
 bounds [0x000001f30f510000, 0x000001f30f780000, 0x000001f316a40000]
CodeHeap 'profiled nmethods': size=120000Kb used=870Kb max_used=870Kb free=119129Kb
 bounds [0x000001f307a40000, 0x000001f307cb0000, 0x000001f30ef70000]
CodeHeap 'non-nmethods': size=5760Kb used=1122Kb max_used=1138Kb free=4637Kb
 bounds [0x000001f30ef70000, 0x000001f30f1e0000, 0x000001f30f510000]
 total_blobs=951 nmethods=547 adapters=317
 compilation: enabled
              stopped_count=0, restarted_count=0
 full_count=0

Compilation events (20 events):
Event: 1.277 Thread 0x000001f37f145a40 nmethod 535 0x000001f307b0d110 code [0x000001f307b0d2c0, 0x000001f307b0d5e8]
Event: 1.277 Thread 0x000001f37f145a40  534       3       java.lang.StringConcatHelper::simpleConcat (94 bytes)
Event: 1.279 Thread 0x000001f37f145a40 nmethod 534 0x000001f307b0d710 code [0x000001f307b0da60, 0x000001f307b0ef88]
Event: 1.280 Thread 0x000001f37f145a40  536       3       java.lang.invoke.MethodType::checkSlotCount (33 bytes)
Event: 1.281 Thread 0x000001f37f145a40 nmethod 536 0x000001f307b0f710 code [0x000001f307b0f940, 0x000001f307b0fff8]
Event: 1.281 Thread 0x000001f37f145a40  540       3       java.lang.invoke.MemberName::testAllFlags (7 bytes)
Event: 1.281 Thread 0x000001f37f145a40 nmethod 540 0x000001f307b10290 code [0x000001f307b10420, 0x000001f307b105f8]
Event: 1.282 Thread 0x000001f37f145a40  544       3       java.lang.invoke.MemberName::initResolved (53 bytes)
Event: 1.282 Thread 0x000001f37f145a40 nmethod 544 0x000001f307b10690 code [0x000001f307b10820, 0x000001f307b109d8]
Event: 1.283 Thread 0x000001f37f145a40  547       3       jdk.internal.org.objectweb.asm.ByteVector::putUTF8 (144 bytes)
Event: 1.285 Thread 0x000001f37f145a40 nmethod 547 0x000001f307b10a90 code [0x000001f307b10d00, 0x000001f307b11808]
Event: 1.285 Thread 0x000001f37f145a40  549       3       jdk.internal.org.objectweb.asm.SymbolTable::hash (10 bytes)
Event: 1.285 Thread 0x000001f37f145a40 nmethod 549 0x000001f307b11d10 code [0x000001f307b11ea0, 0x000001f307b11fc8]
Event: 1.285 Thread 0x000001f37f145a40  548       3       java.lang.invoke.MethodType::equals (56 bytes)
Event: 1.286 Thread 0x000001f37f145a40 nmethod 548 0x000001f307b12090 code [0x000001f307b122c0, 0x000001f307b12e58]
Event: 1.287 Thread 0x000001f37f145a40  550       1       java.lang.NamedPackage::module (5 bytes)
Event: 1.288 Thread 0x000001f37f145a40 nmethod 550 0x000001f30f53b910 code [0x000001f30f53baa0, 0x000001f30f53bb78]
Event: 1.294 Thread 0x000001f37f145a40  552   !   3       java.net.URL::<init> (543 bytes)
Event: 1.302 Thread 0x000001f37f145a40 nmethod 552 0x000001f307b13010 code [0x000001f307b136a0, 0x000001f307b16f88]
Event: 1.302 Thread 0x000001f37f145a40  553       3       jdk.internal.jimage.ImageLocation::readValue (61 bytes)

GC Heap History (0 events):
No events

Dll operation events (9 events):
Event: 0.071 Loaded shared library C:\Program Files\Amazon Corretto\jdk17.0.8_7\bin\java.dll
Event: 0.124 Loaded shared library C:\Program Files\Amazon Corretto\jdk17.0.8_7\bin\jsvml.dll
Event: 0.469 Loaded shared library C:\Program Files\Amazon Corretto\jdk17.0.8_7\bin\zip.dll
Event: 0.482 Loaded shared library C:\Program Files\Amazon Corretto\jdk17.0.8_7\bin\instrument.dll
Event: 0.501 Loaded shared library C:\Program Files\Amazon Corretto\jdk17.0.8_7\bin\net.dll
Event: 0.518 Loaded shared library C:\Program Files\Amazon Corretto\jdk17.0.8_7\bin\nio.dll
Event: 0.528 Loaded shared library C:\Program Files\Amazon Corretto\jdk17.0.8_7\bin\zip.dll
Event: 1.056 Loaded shared library C:\Program Files\JetBrains\IntelliJ IDEA Community Edition 2023.2\bin\breakgen64.dll
Event: 1.205 Loaded shared library C:\Program Files\Amazon Corretto\jdk17.0.8_7\bin\jimage.dll

Deoptimization events (20 events):
Event: 1.030 Thread 0x000001f378b314d0 Uncommon trap: trap_request=0xffffff45 fr.pc=0x000001f30f529c18 relative=0x0000000000000178
Event: 1.030 Thread 0x000001f378b314d0 Uncommon trap: reason=unstable_if action=reinterpret pc=0x000001f30f529c18 method=java.util.zip.ZipFile$Source.isMetaName([BII)Z @ 57 c2
Event: 1.031 Thread 0x000001f378b314d0 DEOPT PACKING pc=0x000001f30f529c18 sp=0x000000d4c1bfdbb0
Event: 1.031 Thread 0x000001f378b314d0 DEOPT UNPACKING pc=0x000001f30efc69a3 sp=0x000000d4c1bfdb40 mode 2
Event: 1.059 Thread 0x000001f378b314d0 Uncommon trap: trap_request=0xffffff45 fr.pc=0x000001f30f52725c relative=0x000000000000005c
Event: 1.059 Thread 0x000001f378b314d0 Uncommon trap: reason=unstable_if action=reinterpret pc=0x000001f30f52725c method=java.lang.String.isLatin1()Z @ 10 c2
Event: 1.059 Thread 0x000001f378b314d0 DEOPT PACKING pc=0x000001f30f52725c sp=0x000000d4c1bfe170
Event: 1.059 Thread 0x000001f378b314d0 DEOPT UNPACKING pc=0x000001f30efc69a3 sp=0x000000d4c1bfe100 mode 2
Event: 1.059 Thread 0x000001f378b314d0 Uncommon trap: trap_request=0xffffff45 fr.pc=0x000001f30f5115f4 relative=0x0000000000000074
Event: 1.059 Thread 0x000001f378b314d0 Uncommon trap: reason=unstable_if action=reinterpret pc=0x000001f30f5115f4 method=java.lang.String.isLatin1()Z @ 10 c2
Event: 1.059 Thread 0x000001f378b314d0 DEOPT PACKING pc=0x000001f30f5115f4 sp=0x000000d4c1bfeb60
Event: 1.059 Thread 0x000001f378b314d0 DEOPT UNPACKING pc=0x000001f30efc69a3 sp=0x000000d4c1bfeaa0 mode 2
Event: 1.126 Thread 0x000001f378b314d0 DEOPT PACKING pc=0x000001f307a87656 sp=0x000000d4c1bfa6f0
Event: 1.126 Thread 0x000001f378b314d0 DEOPT UNPACKING pc=0x000001f30efc7143 sp=0x000000d4c1bf9b78 mode 0
Event: 1.218 Thread 0x000001f378b314d0 Uncommon trap: trap_request=0xffffff45 fr.pc=0x000001f30f527564 relative=0x0000000000000064
Event: 1.218 Thread 0x000001f378b314d0 Uncommon trap: reason=unstable_if action=reinterpret pc=0x000001f30f527564 method=java.io.WinNTFileSystem.isSlash(C)Z @ 9 c2
Event: 1.218 Thread 0x000001f378b314d0 DEOPT PACKING pc=0x000001f30f527564 sp=0x000000d4c1bfd8a0
Event: 1.218 Thread 0x000001f378b314d0 DEOPT UNPACKING pc=0x000001f30efc69a3 sp=0x000000d4c1bfd828 mode 2
Event: 1.223 Thread 0x000001f378b314d0 DEOPT PACKING pc=0x000001f307a91464 sp=0x000000d4c1bfcc50
Event: 1.223 Thread 0x000001f378b314d0 DEOPT UNPACKING pc=0x000001f30efc7143 sp=0x000000d4c1bfc110 mode 0

Classes unloaded (0 events):
No events

Classes redefined (0 events):
No events

Internal exceptions (2 events):
Event: 1.067 Thread 0x000001f35c261f60 Exception <a 'java/lang/NoSuchMethodError'{0x00000000a72046e8}: 'java.lang.Object java.lang.invoke.DirectMethodHandle$Holder.invokeStaticInit(java.lang.Object)'> (0x00000000a72046e8) 
thrown [s\src\hotspot\share\interpreter\linkResolver.cpp, line 759]
Event: 1.106 Thread 0x000001f35c261f60 Exception <a 'java/lang/NoSuchMethodError'{0x00000000a72124c8}: 'void java.lang.invoke.DirectMethodHandle$Holder.invokeStatic(java.lang.Object, java.lang.Object)'> (0x00000000a72124c8) 
thrown [s\src\hotspot\share\interpreter\linkResolver.cpp, line 759]

VM Operations (12 events):
Event: 0.434 Executing VM operation: HandshakeAllThreads
Event: 0.434 Executing VM operation: HandshakeAllThreads done
Event: 1.064 Executing VM operation: HandshakeAllThreads
Event: 1.064 Executing VM operation: HandshakeAllThreads done
Event: 1.189 Executing VM operation: HandshakeAllThreads
Event: 1.189 Executing VM operation: HandshakeAllThreads done
Event: 1.189 Executing VM operation: Cleanup
Event: 1.189 Executing VM operation: Cleanup done
Event: 1.217 Executing VM operation: HandshakeAllThreads
Event: 1.217 Executing VM operation: HandshakeAllThreads done
Event: 1.269 Executing VM operation: HandshakeAllThreads
Event: 1.269 Executing VM operation: HandshakeAllThreads done

Events (20 events):
Event: 1.214 loading class sun/net/www/protocol/file/FileURLConnection
Event: 1.215 loading class sun/net/www/URLConnection
Event: 1.215 loading class sun/net/www/URLConnection done
Event: 1.216 loading class sun/net/www/protocol/file/FileURLConnection done
Event: 1.216 loading class sun/net/www/MessageHeader
Event: 1.216 loading class sun/net/www/MessageHeader done
Event: 1.217 loading class sun/net/www/protocol/jar/URLJarFile
Event: 1.217 loading class sun/net/www/protocol/jar/URLJarFile done
Event: 1.219 loading class sun/net/www/protocol/jar/URLJarFile$URLJarFileEntry
Event: 1.219 loading class sun/net/www/protocol/jar/URLJarFile$URLJarFileEntry done
Event: 1.219 loading class sun/net/www/protocol/jar/JarURLConnection$JarURLInputStream
Event: 1.219 loading class sun/net/www/protocol/jar/JarURLConnection$JarURLInputStream done
Event: 1.220 loading class java/util/LinkedHashMap$LinkedKeySet
Event: 1.220 loading class java/util/LinkedHashMap$LinkedKeySet done
Event: 1.220 loading class java/util/LinkedHashMap$LinkedKeyIterator
Event: 1.221 loading class java/util/LinkedHashMap$LinkedKeyIterator done
Event: 1.248 loading class java/lang/IndexOutOfBoundsException
Event: 1.248 loading class java/lang/IndexOutOfBoundsException done
Event: 1.297 loading class java/util/zip/ZipFile$ZipEntryIterator
Event: 1.298 loading class java/util/zip/ZipFile$ZipEntryIterator done


Dynamic libraries:
0x00007ff605e90000 - 0x00007ff605e9d000 	C:\Program Files\Amazon Corretto\jdk17.0.8_7\bin\java.exe
0x00007ff9b20d0000 - 0x00007ff9b22e4000 	C:\WINDOWS\SYSTEM32\ntdll.dll
0x00007ff9b0c10000 - 0x00007ff9b0cd4000 	C:\WINDOWS\System32\KERNEL32.DLL
0x00007ff9afab0000 - 0x00007ff9afe54000 	C:\WINDOWS\System32\KERNELBASE.dll
0x00007ff9af4f0000 - 0x00007ff9af601000 	C:\WINDOWS\System32\ucrtbase.dll
0x00007ff98e190000 - 0x00007ff98e1a5000 	C:\Program Files\Amazon Corretto\jdk17.0.8_7\bin\VCRUNTIME140.dll
0x00007ff98f3d0000 - 0x00007ff98f3e7000 	C:\Program Files\Amazon Corretto\jdk17.0.8_7\bin\jli.dll
0x00007ff9afe60000 - 0x00007ff9b000e000 	C:\WINDOWS\System32\USER32.dll
0x00007ff9afa80000 - 0x00007ff9afaa6000 	C:\WINDOWS\System32\win32u.dll
0x00007ff9b0650000 - 0x00007ff9b0679000 	C:\WINDOWS\System32\GDI32.dll
0x00007ff9af730000 - 0x00007ff9af848000 	C:\WINDOWS\System32\gdi32full.dll
0x00007ff9af690000 - 0x00007ff9af72a000 	C:\WINDOWS\System32\msvcp_win.dll
0x00007ff995980000 - 0x00007ff995c13000 	C:\WINDOWS\WinSxS\amd64_microsoft.windows.common-controls_6595b64144ccf1df_6.0.22621.2215_none_270d72677387dfc3\COMCTL32.dll
0x00007ff9b1b40000 - 0x00007ff9b1be7000 	C:\WINDOWS\System32\msvcrt.dll
0x00007ff9b0010000 - 0x00007ff9b0041000 	C:\WINDOWS\System32\IMM32.DLL
0x00007ff979990000 - 0x00007ff979a2b000 	C:\Program Files\Amazon Corretto\jdk17.0.8_7\bin\msvcp140.dll
0x00007ff910130000 - 0x00007ff910d4d000 	C:\Program Files\Amazon Corretto\jdk17.0.8_7\bin\server\jvm.dll
0x00007ff9b1e40000 - 0x00007ff9b1ef0000 	C:\WINDOWS\System32\ADVAPI32.dll
0x00007ff9b0af0000 - 0x00007ff9b0b96000 	C:\WINDOWS\System32\sechost.dll
0x00007ff9b19c0000 - 0x00007ff9b1ad7000 	C:\WINDOWS\System32\RPCRT4.dll
0x00007ff9af350000 - 0x00007ff9af39d000 	C:\WINDOWS\SYSTEM32\POWRPROF.dll
0x00007ff9a0af0000 - 0x00007ff9a0af9000 	C:\WINDOWS\SYSTEM32\WSOCK32.dll
0x00007ff9b1bf0000 - 0x00007ff9b1c61000 	C:\WINDOWS\System32\WS2_32.dll
0x00007ff9a8fa0000 - 0x00007ff9a8fd4000 	C:\WINDOWS\SYSTEM32\WINMM.dll
0x00007ff9a46a0000 - 0x00007ff9a46aa000 	C:\WINDOWS\SYSTEM32\VERSION.dll
0x00007ff9af330000 - 0x00007ff9af343000 	C:\WINDOWS\SYSTEM32\UMPDC.dll
0x00007ff9ae4a0000 - 0x00007ff9ae4b8000 	C:\WINDOWS\SYSTEM32\kernel.appcore.dll
0x00007ff998480000 - 0x00007ff99848a000 	C:\Program Files\Amazon Corretto\jdk17.0.8_7\bin\jimage.dll
0x00007ff9a7770000 - 0x00007ff9a799e000 	C:\WINDOWS\SYSTEM32\DBGHELP.DLL
0x00007ff9b0760000 - 0x00007ff9b0aea000 	C:\WINDOWS\System32\combase.dll
0x00007ff9b1010000 - 0x00007ff9b10e7000 	C:\WINDOWS\System32\OLEAUT32.dll
0x00007ff9a59a0000 - 0x00007ff9a59d2000 	C:\WINDOWS\SYSTEM32\dbgcore.DLL
0x00007ff9af610000 - 0x00007ff9af68a000 	C:\WINDOWS\System32\bcryptPrimitives.dll
0x00007ff9a8db0000 - 0x00007ff9a8dbe000 	C:\Program Files\Amazon Corretto\jdk17.0.8_7\bin\instrument.dll
0x00007ff98bfb0000 - 0x00007ff98bfd5000 	C:\Program Files\Amazon Corretto\jdk17.0.8_7\bin\java.dll
0x00007ff964ff0000 - 0x00007ff9650c6000 	C:\Program Files\Amazon Corretto\jdk17.0.8_7\bin\jsvml.dll
0x00007ff9b1170000 - 0x00007ff9b1993000 	C:\WINDOWS\System32\SHELL32.dll
0x00007ff9ad3c0000 - 0x00007ff9adcaa000 	C:\WINDOWS\SYSTEM32\windows.storage.dll
0x00007ff9ad280000 - 0x00007ff9ad3be000 	C:\WINDOWS\SYSTEM32\wintypes.dll
0x00007ff9b1d40000 - 0x00007ff9b1e33000 	C:\WINDOWS\System32\SHCORE.dll
0x00007ff9b1ae0000 - 0x00007ff9b1b3e000 	C:\WINDOWS\System32\shlwapi.dll
0x00007ff9af3b0000 - 0x00007ff9af3d6000 	C:\WINDOWS\SYSTEM32\profapi.dll
0x00007ff98b240000 - 0x00007ff98b258000 	C:\Program Files\Amazon Corretto\jdk17.0.8_7\bin\zip.dll
0x00007ff98e170000 - 0x00007ff98e189000 	C:\Program Files\Amazon Corretto\jdk17.0.8_7\bin\net.dll
0x00007ff9a8880000 - 0x00007ff9a89b7000 	C:\WINDOWS\SYSTEM32\WINHTTP.dll
0x00007ff9ae950000 - 0x00007ff9ae9b9000 	C:\WINDOWS\system32\mswsock.dll
0x00007ff98de70000 - 0x00007ff98de85000 	C:\Program Files\Amazon Corretto\jdk17.0.8_7\bin\nio.dll
0x00007ff9a8d30000 - 0x00007ff9a8d4a000 	C:\Program Files\JetBrains\IntelliJ IDEA Community Edition 2023.2\bin\breakgen64.dll

dbghelp: loaded successfully - version: 4.0.5 - missing functions: none
symbol engine: initialized successfully - sym options: 0x614 - pdb path: .;C:\Program Files\Amazon Corretto\jdk17.0.8_7\bin;C:\WINDOWS\SYSTEM32;C:\WINDOWS\WinSxS\amd64_microsoft.windows.common-controls_6595b64144ccf1df_6.0.22621.2215_none_270d72677387dfc3;C:\Program Files\Amazon Corretto\jdk17.0.8_7\bin\server;C:\Program Files\JetBrains\IntelliJ IDEA Community Edition 2023.2\bin

VM Arguments:
jvm_args: -javaagent:C:\Program Files\JetBrains\IntelliJ IDEA Community Edition 2023.2\lib\idea_rt.jar=59317:C:\Program Files\JetBrains\IntelliJ IDEA Community Edition 2023.2\bin -Dfile.encoding=UTF-8 
java_command: com.natwest.cashwave.apigateway.ApiGatewayApplication
java_class_path (initial): D:\CashwaveBackend\Api-gateway\target\classes;C:\Users\Nithin's PC\.m2\repository\org\springframework\cloud\spring-cloud-starter-gateway\4.0.7\spring-cloud-starter-gateway-4.0.7.jar;C:\Users\Nithin's PC\.m2\repository\org\springframework\cloud\spring-cloud-starter\4.0.4\spring-cloud-starter-4.0.4.jar;C:\Users\Nithin's PC\.m2\repository\org\springframework\cloud\spring-cloud-context\4.0.4\spring-cloud-context-4.0.4.jar;C:\Users\Nithin's PC\.m2\repository\org\springframework\security\spring-security-crypto\6.1.4\spring-security-crypto-6.1.4.jar;C:\Users\Nithin's PC\.m2\repository\org\springframework\cloud\spring-cloud-commons\4.0.4\spring-cloud-commons-4.0.4.jar;C:\Users\Nithin's PC\.m2\repository\org\springframework\security\spring-security-rsa\1.0.12.RELEASE\spring-security-rsa-1.0.12.RELEASE.jar;C:\Users\Nithin's PC\.m2\repository\org\bouncycastle\bcpkix-jdk18on\1.73\bcpkix-jdk18on-1.73.jar;C:\Users\Nithin's PC\.m2\repository\org\bouncycastle\bcprov-jdk18on\1.73\bcprov-jdk18on-1.73.jar;C:\Users\Nithin's PC\.m2\repository\org\bouncycastle\bcutil-jdk18on\1.73\bcutil-jdk18on-1.73.jar;C:\Users\Nithin's PC\.m2\repository\org\springframework\cloud\spring-cloud-gateway-server\4.0.7\spring-cloud-gateway-server-4.0.7.jar;C:\Users\Nithin's PC\.m2\repository\org\springframework\boot\spring-boot-starter-validation\3.1.4\spring-boot-starter-validation-3.1.4.jar;C:\Users\Nithin's PC\.m2\repository\org\apache\tomcat\embed\tomcat-embed-el\10.1.13\tomcat-embed-el-10.1.13.jar;C:\Users\Nithin's PC\.m2\repository\org\hibernate\validator\hibernate-validator\8.0.1.Final\hibernate-validator-8.0.1.Final.jar;C:\Users\Nithin's PC\.m2\repository\jakarta\validation\jakarta.validation-api\3.0.2\jakarta.validation-api-3.0.2.jar;C:\Users\Nithin's PC\.m2\repository\org\jboss\logging\jboss-logging\3.5.3.Final\jboss-logging-3.5.3.Final.jar;C:\Users\Nithin's PC\.m2\repository\com\fasterxml\classmate\1.5.1\classmate-1.5.1.jar;C:\Users\Nithin's PC\.m2\repository\io\project
Launcher Type: SUN_STANDARD

[Global flags]
     intx CICompilerCount                          = 4                                         {product} {ergonomic}
     uint ConcGCThreads                            = 2                                         {product} {ergonomic}
     uint G1ConcRefinementThreads                  = 8                                         {product} {ergonomic}
   size_t G1HeapRegionSize                         = 1048576                                   {product} {ergonomic}
    uintx GCDrainStackTargetSize                   = 64                                        {product} {ergonomic}
   size_t InitialHeapSize                          = 100663296                                 {product} {ergonomic}
   size_t MarkStackSize                            = 4194304                                   {product} {ergonomic}
   size_t MaxHeapSize                              = 1581252608                                {product} {ergonomic}
   size_t MaxNewSize                               = 947912704                                 {product} {ergonomic}
   size_t MinHeapDeltaBytes                        = 1048576                                   {product} {ergonomic}
   size_t MinHeapSize                              = 8388608                                   {product} {ergonomic}
    uintx NonNMethodCodeHeapSize                   = 5839372                                {pd product} {ergonomic}
    uintx NonProfiledCodeHeapSize                  = 122909434                              {pd product} {ergonomic}
    uintx ProfiledCodeHeapSize                     = 122909434                              {pd product} {ergonomic}
    uintx ReservedCodeCacheSize                    = 251658240                              {pd product} {ergonomic}
     bool SegmentedCodeCache                       = true                                      {product} {ergonomic}
   size_t SoftMaxHeapSize                          = 1581252608                             {manageable} {ergonomic}
     bool UseCompressedClassPointers               = true                           {product lp64_product} {ergonomic}
     bool UseCompressedOops                        = true                           {product lp64_product} {ergonomic}
     bool UseG1GC                                  = true                                      {product} {ergonomic}
     bool UseLargePagesIndividualAllocation        = false                                  {pd product} {ergonomic}

Logging:
Log output configuration:
 #0: stdout all=warning uptime,level,tags
 #1: stderr all=off uptime,level,tags

Environment Variables:
JAVA_HOME=C:\Program Files\Amazon Corretto\jdk17.0.8_7
CLASSPATH=C:\JAVA\jre\lib\ext\mysql-connector-java-8.0.22.jar;.;
PATH=C:\Program Files\Amazon Corretto\jdk17.0.8_7\bin;C:\Java\jdk1.8.0_301\bin;C:\Hadoop\hadoop-3.3.2\bin;C:\Program Files (x86)\Common Files\Oracle\Java\javapath;C:\WINDOWS\system32;C:\WINDOWS;C:\WINDOWS\System32\Wbem;C:\WINDOWS\System32\WindowsPowerShell\v1.0\;C:\WINDOWS\System32\OpenSSH\;C:\Program Files\Git\cmd;C:\Program Files\nodejs\;C:\Program Files\dotnet\;D:\Anaconda\Library\bin\graphviz;C:\mingw64\bin;C:\mingw64\x86_64-w64-mingw32\bin;;C:\Program Files\Docker\Docker\resources\bin;C:\Program Files\MySQL\MySQL Shell 8.0\bin\;C:\Users\Nithin's PC\AppData\Local\Programs\Python\Python310\Scripts\;C:\Users\Nithin's PC\AppData\Local\Programs\Python\Python310\;C:\Users\Nithin's PC\AppData\Local\Microsoft\WindowsApps;C:\Users\Nithin's PC\AppData\Local\Programs\Microsoft VS Code\bin;C:\Users\Nithin's PC\AppData\Roaming\npm;D:\Anaconda\lib\site-packages\pydotplus\graphviz.py;C:\Program Files\JetBrains\IntelliJ IDEA Community Edition 2023.2\bin;;C:\Users\Nithin's PC\jdk-17\bin;
USERNAME=Nithin's PC
OS=Windows_NT
PROCESSOR_IDENTIFIER=AMD64 Family 23 Model 24 Stepping 1, AuthenticAMD
TMP=C:\Users\NITHIN~1\AppData\Local\Temp
TEMP=C:\Users\NITHIN~1\AppData\Local\Temp



---------------  S Y S T E M  ---------------

OS:
 Windows 11 , 64 bit Build 22621 (10.0.22621.2215)
OS uptime: 7 days 12:37 hours
Hyper-V role detected

CPU: total 8 (initial active 8) (8 cores per cpu, 2 threads per core) family 23 model 24 stepping 1 microcode 0x0, cx8, cmov, fxsr, ht, mmx, 3dnowpref, sse, sse2, sse3, ssse3, sse4a, sse4.1, sse4.2, popcnt, lzcnt, tsc, tscinvbit, avx, avx2, aes, clmul, bmi1, bmi2, adx, sha, fma, vzeroupper, clflush, clflushopt, hv
Processor Information for all 8 processors :
  Max Mhz: 2100, Current Mhz: 2100, Mhz Limit: 2100

Memory: 4k page, system-wide physical 6030M (210M free)
TotalPageFile size 24462M (AvailPageFile size 0M)
current process WorkingSet (physical memory assigned to process): 56M, peak: 56M
current process commit charge ("private bytes"): 186M, peak: 187M

vm_info: OpenJDK 64-Bit Server VM (17.0.8+7-LTS) for windows-amd64 JRE (17.0.8+7-LTS), built on Jul 10 2023 20:26:03 by "Administrator" with MS VC++ 15.9 (VS2017)

END.
